TASKING program builder:
Compiling "main.c"
Assembling "main.src"
Linking to toggle.abs
Converting to toggle.x87

LC87K series IEEE695 converter Version 2.36
Copyright (c) ON Semiconductor 2000-2014. All rights reserved.

Conversion processing is started using the following files.
    absfile : d:\onedrive\documents\tasking\test\toggle\toggle.abs
    optfile : d:\onedrive\documents\tasking\test\toggle\toggle.OPT
    deffile : c:\program files (x86)\tasking\dlc87 v3.2r2\etc\lc87opt.def
    incfile : c:\program files (x86)\tasking\dlc87 v3.2r2\include\LC87F1M.INC
    cgrfile : 

Conversion is successful.

Converting to toggle.hex
X87 to Intel-HEX converter Version 2.36
Copyright (c) ON Semiconductor 2001-2014. All rights reserved.

Conversion processing is started using the following files.
    x87file : D:\OneDrive\Documents\TASKING\test\toggle\toggle.x87
    deffile : c:\program files (x86)\tasking\dlc87 v3.2r2\etc\lc87opt.def

Conversion is successful.
     Output : D:\OneDrive\Documents\TASKING\test\toggle\toggle.HEX
     CheckSum : 58CF

