TASKING program builder:
Compiling "main.c"
c87 W196: "d:\git\microcontroller-test-code\lc87\dmx\main.c" line 21: constant expression out of range due to signed/unsigned type mismatch
c87 W196: "d:\git\microcontroller-test-code\lc87\dmx\main.c" line 35: constant expression out of range due to signed/unsigned type mismatch
total errors: 0, warnings: 2
Assembling "main.src"
Linking to dmx.abs
Converting to dmx.x87

LC87K series IEEE695 converter Version 2.36
Copyright (c) ON Semiconductor 2000-2014. All rights reserved.

Conversion processing is started using the following files.
    absfile : d:\git\microcontroller-test-code\lc87\dmx\dmx.abs
    optfile : d:\git\microcontroller-test-code\lc87\dmx\dmx.OPT
    deffile : c:\program files (x86)\tasking\dlc87 v3.2r2\etc\lc87opt.def
    incfile : c:\program files (x86)\tasking\dlc87 v3.2r2\include\LC87F1M.INC
    cgrfile : 

Conversion is successful.

Converting to dmx.hex
X87 to Intel-HEX converter Version 2.36
Copyright (c) ON Semiconductor 2001-2014. All rights reserved.

Conversion processing is started using the following files.
    x87file : d:\git\microcontroller-test-code\lc87\dmx\dmx.x87
    deffile : c:\program files (x86)\tasking\dlc87 v3.2r2\etc\lc87opt.def

Conversion is successful.
     Output : d:\git\microcontroller-test-code\lc87\dmx\dmx.HEX
     CheckSum : AAD9

