Jul 31, 2017 12:06:48 AM java.util.logging.LogManager$RootLogger log
INFO: Start of solver :getSolution() : Mon Jul 31 00:06:48 CDT 2017


Jul 31, 2017 12:06:48 AM java.util.logging.LogManager$RootLogger log
INFO: 
timeout(solve_mapping_problem([ 
reserved([p,DIGITAL_IO0sv0,pad,_],'digital_io$01310748862$0'),
reserved([devicepackage,0,_],'digital_io$1882167628$0'),
signal('digital_io$01310748862$0',pad,'digital_io$01310748862$0$pad'),
signal('digital_io$1882167628$0',pin,'digital_io$1882167628$0$pin'),
connected('digital_io$1882167628$0$pin','digital_io$01310748862$0$pad',1),
connected('digital_io$01310748862$0$pad','digital_io$1882167628$0$pin',1),
uri_element_range(DIGITAL_IO0sv0,[0, 1, 2, 3, 4])
 ],Vars,Regs,Appslocalvars),15,writeln(timeout),all_solution, Timer, Due, Remainder).



Jul 31, 2017 12:06:48 AM java.util.logging.LogManager$RootLogger log
INFO: 
End of solver : getSolution() :  Difference in ms 19


Jul 31, 2017 12:06:48 AM java.util.logging.LogManager$RootLogger log
INFO: [/p/2/pad/6, /digital_io$01310748862$0, /devicepackage/0/16, /digital_io$1882167628$0]


Jul 31, 2017 12:06:48 AM java.util.logging.LogManager$RootLogger log
INFO: [/p/2/pad/6/iocr_pcr, /0, /p/2/pad/6/iocr_oe, /0, /p/2/pad/6/pdisc_pdis, /1, /p/2/pad/7/iocr_pcr, /0, /p/2/pad/7/iocr_oe, /0, /p/2/pad/7/pdisc_pdis, /1, /p/2/pad/8/iocr_pcr, /0, /p/2/pad/8/iocr_oe, /0, /p/2/pad/8/pdisc_pdis, /1, /p/2/pad/9/iocr_pcr, /0, /p/2/pad/9/iocr_oe, /0, /p/2/pad/9/pdisc_pdis, /1, /p/0/pad/0/iocr_pcr, /0, /p/0/pad/0/iocr_oe, /0, /p/0/pad/0/hwsel_hw, /0, /p/0/pad/14/iocr_pcr, /0, /p/0/pad/14/iocr_oe, /0, /p/0/pad/14/hwsel_hw, /0, /p/0/pad/15/iocr_pcr, /0, /p/0/pad/15/iocr_oe, /0, /p/0/pad/15/hwsel_hw, /0, /p/0/pad/5/iocr_pcr, /0, /p/0/pad/5/iocr_oe, /0, /p/0/pad/5/hwsel_hw, /0, /p/0/pad/6/iocr_pcr, /0, /p/0/pad/6/iocr_oe, /0, /p/0/pad/6/hwsel_hw, /0, /p/0/pad/7/iocr_pcr, /0, /p/0/pad/7/iocr_oe, /0, /p/0/pad/7/hwsel_hw, /0, /p/0/pad/8/iocr_pcr, /0, /p/0/pad/8/iocr_oe, /0, /p/0/pad/8/hwsel_hw, /0, /p/0/pad/9/iocr_pcr, /0, /p/0/pad/9/iocr_oe, /0, /p/0/pad/9/hwsel_hw, /0, /p/2/pad/0/iocr_pcr, /0, /p/2/pad/0/iocr_oe, /0, /p/2/pad/0/hwsel_hw, /0, /p/2/pad/0/pdisc_pdis, /1, /p/2/pad/10/iocr_pcr, /0, /p/2/pad/10/iocr_oe, /0, /p/2/pad/10/hwsel_hw, /0, /p/2/pad/10/pdisc_pdis, /1, /p/2/pad/11/iocr_pcr, /0, /p/2/pad/11/iocr_oe, /0, /p/2/pad/11/hwsel_hw, /0, /p/2/pad/11/pdisc_pdis, /1, /ccu4/0/cc4/0/srs_cmsr, /0, /ccu4/0/cc4/0/srs_e0sr, /0, /ccu4/0/cc4/0/srs_e1sr, /0, /ccu4/0/cc4/0/srs_e2sr, /0, /ccu4/0/cc4/0/ins_ev0is, /0, /ccu4/0/cc4/0/ins_ev1is, /0, /ccu4/0/cc4/0/ins_ev2is, /0, /ccu4/0/cc4/0/srs_posr, /0, /ccu4/0/cc4/1/srs_cmsr, /0, /ccu4/0/cc4/1/srs_e0sr, /0, /ccu4/0/cc4/1/srs_e1sr, /0, /ccu4/0/cc4/1/srs_e2sr, /0, /ccu4/0/cc4/1/ins_ev0is, /0, /ccu4/0/cc4/1/ins_ev1is, /0, /ccu4/0/cc4/1/ins_ev2is, /0, /ccu4/0/cc4/1/srs_posr, /0, /ccu4/0/cc4/1/cmc_tce, /0, /ccu4/0/cc4/2/srs_cmsr, /0, /ccu4/0/cc4/2/srs_e0sr, /0, /ccu4/0/cc4/2/srs_e1sr, /0, /ccu4/0/cc4/2/srs_e2sr, /0, /ccu4/0/cc4/2/ins_ev0is, /0, /ccu4/0/cc4/2/ins_ev1is, /0, /ccu4/0/cc4/2/ins_ev2is, /0, /ccu4/0/cc4/2/srs_posr, /0, /ccu4/0/cc4/2/cmc_tce, /0, /ccu4/0/cc4/3/srs_cmsr, /0, /ccu4/0/cc4/3/srs_e0sr, /0, /ccu4/0/cc4/3/srs_e1sr, /0, /ccu4/0/cc4/3/srs_e2sr, /0, /ccu4/0/cc4/3/ins_ev0is, /0, /ccu4/0/cc4/3/ins_ev1is, /0, /ccu4/0/cc4/3/ins_ev2is, /0, /ccu4/0/cc4/3/srs_posr, /0, /ccu4/0/cc4/3/cmc_tce, /0, /ccu4/0/global/gctrl_pcis, /0, /cpu/0/nvic/interrupt/0/iser_setena, /0, /cpu/0/nvic/interrupt/1/iser_setena, /0, /cpu/0/nvic/interrupt/10/iser_setena, /0, /cpu/0/nvic/interrupt/11/iser_setena, /0, /cpu/0/nvic/interrupt/12/iser_setena, /0, /cpu/0/nvic/interrupt/13/iser_setena, /0, /cpu/0/nvic/interrupt/14/iser_setena, /0, /cpu/0/nvic/interrupt/15/iser_setena, /0, /cpu/0/nvic/interrupt/16/iser_setena, /0, /cpu/0/nvic/interrupt/17/iser_setena, /0, /cpu/0/nvic/interrupt/18/iser_setena, /0, /cpu/0/nvic/interrupt/19/iser_setena, /0, /cpu/0/nvic/interrupt/2/iser_setena, /0, /cpu/0/nvic/interrupt/20/iser_setena, /0, /cpu/0/nvic/interrupt/21/iser_setena, /0, /cpu/0/nvic/interrupt/22/iser_setena, /0, /cpu/0/nvic/interrupt/23/iser_setena, /0, /cpu/0/nvic/interrupt/24/iser_setena, /0, /cpu/0/nvic/interrupt/25/iser_setena, /0, /cpu/0/nvic/interrupt/26/iser_setena, /0, /cpu/0/nvic/interrupt/27/iser_setena, /0, /cpu/0/nvic/interrupt/28/iser_setena, /0, /cpu/0/nvic/interrupt/29/iser_setena, /0, /cpu/0/nvic/interrupt/3/iser_setena, /0, /cpu/0/nvic/interrupt/30/iser_setena, /0, /cpu/0/nvic/interrupt/31/iser_setena, /0, /cpu/0/nvic/interrupt/4/iser_setena, /0, /cpu/0/nvic/interrupt/5/iser_setena, /0, /cpu/0/nvic/interrupt/6/iser_setena, /0, /cpu/0/nvic/interrupt/7/iser_setena, /0, /cpu/0/nvic/interrupt/9/iser_setena, /0, /eru/0/ers_etl/0/exicon_pe, /0, /eru/0/ers_etl/0/exicon_ocs, /0, /eru/0/ers_etl/0/exisel_exsxb, /0, /eru/0/ers_etl/0/exisel_exsxa, /0, /eru/0/ers_etl/1/exicon_pe, /0, /eru/0/ers_etl/1/exicon_ocs, /0, /eru/0/ers_etl/1/exisel_exsxb, /0, /eru/0/ers_etl/1/exisel_exsxa, /0, /eru/0/ers_etl/2/exicon_pe, /0, /eru/0/ers_etl/2/exicon_ocs, /0, /eru/0/ers_etl/2/exisel_exsxb, /0, /eru/0/ers_etl/2/exisel_exsxa, /0, /eru/0/ers_etl/3/exicon_pe, /0, /eru/0/ers_etl/3/exicon_ocs, /0, /eru/0/ers_etl/3/exisel_exsxb, /0, /eru/0/ers_etl/3/exisel_exsxa, /0, /eru/0/ogu/0/exocon_iss, /0, /eru/0/ogu/0/exocon_ipen0, /0, /eru/0/ogu/0/exocon_ipen1, /0, /eru/0/ogu/0/exocon_ipen2, /0, /eru/0/ogu/0/exocon_ipen3, /0, /eru/0/ogu/1/exocon_iss, /0, /eru/0/ogu/1/exocon_ipen0, /0, /eru/0/ogu/1/exocon_ipen1, /0, /eru/0/ogu/1/exocon_ipen2, /0, /eru/0/ogu/1/exocon_ipen3, /0, /eru/0/ogu/2/exocon_iss, /0, /eru/0/ogu/2/exocon_ipen0, /0, /eru/0/ogu/2/exocon_ipen1, /0, /eru/0/ogu/2/exocon_ipen2, /0, /eru/0/ogu/2/exocon_ipen3, /0, /eru/0/ogu/3/exocon_iss, /0, /eru/0/ogu/3/exocon_ipen0, /0, /eru/0/ogu/3/exocon_ipen1, /0, /eru/0/ogu/3/exocon_ipen2, /0, /eru/0/ogu/3/exocon_ipen3, /0, /scu/0/ccu/config/clkcr_rtcclksel, /0, /usic/0/channel/0/ccr_hpcen, /0, /usic/0/channel/0/dx1cr_dsel, /0, /usic/0/channel/0/dx0cr_dsel, /0, /usic/0/channel/0/dx5cr_dsel, /0, /usic/0/channel/0/dx3cr_dsel, /0, /usic/0/channel/0/dx4cr_dsel, /0, /usic/0/channel/0/dx2cr_dsel, /0, /usic/0/channel/0/rbctr_arbien, /0, /usic/0/channel/0/rbctr_arbinp, /0, /usic/0/channel/0/ccr_aien, /0, /usic/0/channel/0/inpr_ainp, /0, /usic/0/channel/0/ccr_brgien, /0, /usic/0/channel/0/inpr_pinp, /0, /usic/0/channel/0/ccr_dlien, /0, /usic/0/channel/0/rbctr_rberien, /0, /usic/0/channel/0/ccr_rsien, /0, /usic/0/channel/0/inpr_tbinp, /0, /usic/0/channel/0/rbctr_srbien, /0, /usic/0/channel/0/rbctr_srbinp, /0, /usic/0/channel/0/ccr_rien, /0, /usic/0/channel/0/inpr_rinp, /0, /usic/0/channel/0/tbctr_stbien, /0, /usic/0/channel/0/tbctr_stbinp, /0, /usic/0/channel/0/tbctr_tberien, /0, /usic/0/channel/0/tbctr_atbinp, /0, /usic/0/channel/0/ccr_tbien, /0, /usic/0/channel/0/ccr_tsien, /0, /usic/0/channel/0/inpr_tsinp, /0, /usic/0/channel/0/rbctr_dptr, /0, /usic/0/channel/0/rbctr_size, /0, /usic/0/channel/0/tbctr_dptr, /0, /usic/0/channel/0/tbctr_size, /0, /usic/0/channel/1/ccr_hpcen, /0, /usic/0/channel/1/dx1cr_dsel, /0, /usic/0/channel/1/dx0cr_dsel, /0, /usic/0/channel/1/dx5cr_dsel, /0, /usic/0/channel/1/dx3cr_dsel, /0, /usic/0/channel/1/dx4cr_dsel, /0, /usic/0/channel/1/dx2cr_dsel, /0, /usic/0/channel/1/rbctr_arbien, /0, /usic/0/channel/1/rbctr_arbinp, /0, /usic/0/channel/1/ccr_aien, /0, /usic/0/channel/1/inpr_ainp, /0, /usic/0/channel/1/ccr_brgien, /0, /usic/0/channel/1/inpr_pinp, /0, /usic/0/channel/1/ccr_dlien, /0, /usic/0/channel/1/rbctr_rberien, /0, /usic/0/channel/1/ccr_rsien, /0, /usic/0/channel/1/inpr_tbinp, /0, /usic/0/channel/1/rbctr_srbien, /0, /usic/0/channel/1/rbctr_srbinp, /0, /usic/0/channel/1/ccr_rien, /0, /usic/0/channel/1/inpr_rinp, /0, /usic/0/channel/1/tbctr_stbien, /0, /usic/0/channel/1/tbctr_stbinp, /0, /usic/0/channel/1/tbctr_tberien, /0, /usic/0/channel/1/tbctr_atbinp, /0, /usic/0/channel/1/ccr_tbien, /0, /usic/0/channel/1/ccr_tsien, /0, /usic/0/channel/1/inpr_tsinp, /0, /usic/0/channel/1/rbctr_dptr, /0, /usic/0/channel/1/rbctr_size, /0, /usic/0/channel/1/tbctr_dptr, /0, /usic/0/channel/1/tbctr_size, /0, /vadc/0/backgnd/brsctrl_xtsel, /0, /vadc/0/backgnd/brsctrl_xtwc, /0, /vadc/0/backgnd/brsctrl_gtsel, /0, /vadc/0/backgnd/brsctrl_gtwc, /0, /vadc/0/backgnd/globevnp_sev0np, /0, /vadc/0/global/emuxsel_emuxgrp0, /0, /vadc/0/global/emuxsel_emuxgrp1, /0, /vadc/0/global_result/globevnp_revnp, /0]


Jul 31, 2017 12:07:04 AM java.util.logging.LogManager$RootLogger log
INFO: Start of solver :getSolution() : Mon Jul 31 00:07:04 CDT 2017


Jul 31, 2017 12:07:04 AM java.util.logging.LogManager$RootLogger log
INFO: 
timeout(solve_mapping_problem([ 
reserved([p,DIGITAL_IO0sv0,pad,_],'digital_io$01310748862$0'),
reserved([devicepackage,0,_],'digital_io$1882167628$0'),
signal('digital_io$01310748862$0',swreg_out,'digital_io$01310748862$0$swreg_out'),
signal('digital_io$01310748862$0',pad,'digital_io$01310748862$0$pad'),
signal('digital_io$1882167628$0',pin,'digital_io$1882167628$0$pin'),
connected('digital_io$1882167628$0$pin','digital_io$01310748862$0$pad',1),
connected('digital_io$01310748862$0$pad','digital_io$1882167628$0$pin',1),
uri_element_range(DIGITAL_IO0sv0,[0, 1, 2, 3, 4]),
register_value('digital_io$01310748862$0',iocr_oe,1)
 ],Vars,Regs,Appslocalvars),15,writeln(timeout),all_solution, Timer, Due, Remainder).



Jul 31, 2017 12:07:04 AM java.util.logging.LogManager$RootLogger log
INFO: 
End of solver : getSolution() :  Difference in ms 44


Jul 31, 2017 12:07:04 AM java.util.logging.LogManager$RootLogger log
INFO: [/p/0/pad/0, /digital_io$01310748862$0, /devicepackage/0/7, /digital_io$1882167628$0]


Jul 31, 2017 12:07:04 AM java.util.logging.LogManager$RootLogger log
INFO: [/p/2/pad/6/iocr_pcr, /0, /p/2/pad/6/iocr_oe, /0, /p/2/pad/6/pdisc_pdis, /1, /p/2/pad/7/iocr_pcr, /0, /p/2/pad/7/iocr_oe, /0, /p/2/pad/7/pdisc_pdis, /1, /p/2/pad/8/iocr_pcr, /0, /p/2/pad/8/iocr_oe, /0, /p/2/pad/8/pdisc_pdis, /1, /p/2/pad/9/iocr_pcr, /0, /p/2/pad/9/iocr_oe, /0, /p/2/pad/9/pdisc_pdis, /1, /p/0/pad/0/iocr_pcr, /0, /p/0/pad/0/iocr_oe, /1, /p/0/pad/0/hwsel_hw, /0, /p/0/pad/14/iocr_pcr, /0, /p/0/pad/14/iocr_oe, /0, /p/0/pad/14/hwsel_hw, /0, /p/0/pad/15/iocr_pcr, /0, /p/0/pad/15/iocr_oe, /0, /p/0/pad/15/hwsel_hw, /0, /p/0/pad/5/iocr_pcr, /0, /p/0/pad/5/iocr_oe, /0, /p/0/pad/5/hwsel_hw, /0, /p/0/pad/6/iocr_pcr, /0, /p/0/pad/6/iocr_oe, /0, /p/0/pad/6/hwsel_hw, /0, /p/0/pad/7/iocr_pcr, /0, /p/0/pad/7/iocr_oe, /0, /p/0/pad/7/hwsel_hw, /0, /p/0/pad/8/iocr_pcr, /0, /p/0/pad/8/iocr_oe, /0, /p/0/pad/8/hwsel_hw, /0, /p/0/pad/9/iocr_pcr, /0, /p/0/pad/9/iocr_oe, /0, /p/0/pad/9/hwsel_hw, /0, /p/2/pad/0/iocr_pcr, /0, /p/2/pad/0/iocr_oe, /0, /p/2/pad/0/hwsel_hw, /0, /p/2/pad/0/pdisc_pdis, /1, /p/2/pad/10/iocr_pcr, /0, /p/2/pad/10/iocr_oe, /0, /p/2/pad/10/hwsel_hw, /0, /p/2/pad/10/pdisc_pdis, /1, /p/2/pad/11/iocr_pcr, /0, /p/2/pad/11/iocr_oe, /0, /p/2/pad/11/hwsel_hw, /0, /p/2/pad/11/pdisc_pdis, /1, /ccu4/0/cc4/0/srs_cmsr, /0, /ccu4/0/cc4/0/srs_e0sr, /0, /ccu4/0/cc4/0/srs_e1sr, /0, /ccu4/0/cc4/0/srs_e2sr, /0, /ccu4/0/cc4/0/ins_ev0is, /0, /ccu4/0/cc4/0/ins_ev1is, /0, /ccu4/0/cc4/0/ins_ev2is, /0, /ccu4/0/cc4/0/srs_posr, /0, /ccu4/0/cc4/1/srs_cmsr, /0, /ccu4/0/cc4/1/srs_e0sr, /0, /ccu4/0/cc4/1/srs_e1sr, /0, /ccu4/0/cc4/1/srs_e2sr, /0, /ccu4/0/cc4/1/ins_ev0is, /0, /ccu4/0/cc4/1/ins_ev1is, /0, /ccu4/0/cc4/1/ins_ev2is, /0, /ccu4/0/cc4/1/srs_posr, /0, /ccu4/0/cc4/1/cmc_tce, /0, /ccu4/0/cc4/2/srs_cmsr, /0, /ccu4/0/cc4/2/srs_e0sr, /0, /ccu4/0/cc4/2/srs_e1sr, /0, /ccu4/0/cc4/2/srs_e2sr, /0, /ccu4/0/cc4/2/ins_ev0is, /0, /ccu4/0/cc4/2/ins_ev1is, /0, /ccu4/0/cc4/2/ins_ev2is, /0, /ccu4/0/cc4/2/srs_posr, /0, /ccu4/0/cc4/2/cmc_tce, /0, /ccu4/0/cc4/3/srs_cmsr, /0, /ccu4/0/cc4/3/srs_e0sr, /0, /ccu4/0/cc4/3/srs_e1sr, /0, /ccu4/0/cc4/3/srs_e2sr, /0, /ccu4/0/cc4/3/ins_ev0is, /0, /ccu4/0/cc4/3/ins_ev1is, /0, /ccu4/0/cc4/3/ins_ev2is, /0, /ccu4/0/cc4/3/srs_posr, /0, /ccu4/0/cc4/3/cmc_tce, /0, /ccu4/0/global/gctrl_pcis, /0, /cpu/0/nvic/interrupt/0/iser_setena, /0, /cpu/0/nvic/interrupt/1/iser_setena, /0, /cpu/0/nvic/interrupt/10/iser_setena, /0, /cpu/0/nvic/interrupt/11/iser_setena, /0, /cpu/0/nvic/interrupt/12/iser_setena, /0, /cpu/0/nvic/interrupt/13/iser_setena, /0, /cpu/0/nvic/interrupt/14/iser_setena, /0, /cpu/0/nvic/interrupt/15/iser_setena, /0, /cpu/0/nvic/interrupt/16/iser_setena, /0, /cpu/0/nvic/interrupt/17/iser_setena, /0, /cpu/0/nvic/interrupt/18/iser_setena, /0, /cpu/0/nvic/interrupt/19/iser_setena, /0, /cpu/0/nvic/interrupt/2/iser_setena, /0, /cpu/0/nvic/interrupt/20/iser_setena, /0, /cpu/0/nvic/interrupt/21/iser_setena, /0, /cpu/0/nvic/interrupt/22/iser_setena, /0, /cpu/0/nvic/interrupt/23/iser_setena, /0, /cpu/0/nvic/interrupt/24/iser_setena, /0, /cpu/0/nvic/interrupt/25/iser_setena, /0, /cpu/0/nvic/interrupt/26/iser_setena, /0, /cpu/0/nvic/interrupt/27/iser_setena, /0, /cpu/0/nvic/interrupt/28/iser_setena, /0, /cpu/0/nvic/interrupt/29/iser_setena, /0, /cpu/0/nvic/interrupt/3/iser_setena, /0, /cpu/0/nvic/interrupt/30/iser_setena, /0, /cpu/0/nvic/interrupt/31/iser_setena, /0, /cpu/0/nvic/interrupt/4/iser_setena, /0, /cpu/0/nvic/interrupt/5/iser_setena, /0, /cpu/0/nvic/interrupt/6/iser_setena, /0, /cpu/0/nvic/interrupt/7/iser_setena, /0, /cpu/0/nvic/interrupt/9/iser_setena, /0, /eru/0/ers_etl/0/exicon_pe, /0, /eru/0/ers_etl/0/exicon_ocs, /0, /eru/0/ers_etl/0/exisel_exsxb, /0, /eru/0/ers_etl/0/exisel_exsxa, /0, /eru/0/ers_etl/1/exicon_pe, /0, /eru/0/ers_etl/1/exicon_ocs, /0, /eru/0/ers_etl/1/exisel_exsxb, /0, /eru/0/ers_etl/1/exisel_exsxa, /0, /eru/0/ers_etl/2/exicon_pe, /0, /eru/0/ers_etl/2/exicon_ocs, /0, /eru/0/ers_etl/2/exisel_exsxb, /0, /eru/0/ers_etl/2/exisel_exsxa, /0, /eru/0/ers_etl/3/exicon_pe, /0, /eru/0/ers_etl/3/exicon_ocs, /0, /eru/0/ers_etl/3/exisel_exsxb, /0, /eru/0/ers_etl/3/exisel_exsxa, /0, /eru/0/ogu/0/exocon_iss, /0, /eru/0/ogu/0/exocon_ipen0, /0, /eru/0/ogu/0/exocon_ipen1, /0, /eru/0/ogu/0/exocon_ipen2, /0, /eru/0/ogu/0/exocon_ipen3, /0, /eru/0/ogu/1/exocon_iss, /0, /eru/0/ogu/1/exocon_ipen0, /0, /eru/0/ogu/1/exocon_ipen1, /0, /eru/0/ogu/1/exocon_ipen2, /0, /eru/0/ogu/1/exocon_ipen3, /0, /eru/0/ogu/2/exocon_iss, /0, /eru/0/ogu/2/exocon_ipen0, /0, /eru/0/ogu/2/exocon_ipen1, /0, /eru/0/ogu/2/exocon_ipen2, /0, /eru/0/ogu/2/exocon_ipen3, /0, /eru/0/ogu/3/exocon_iss, /0, /eru/0/ogu/3/exocon_ipen0, /0, /eru/0/ogu/3/exocon_ipen1, /0, /eru/0/ogu/3/exocon_ipen2, /0, /eru/0/ogu/3/exocon_ipen3, /0, /scu/0/ccu/config/clkcr_rtcclksel, /0, /usic/0/channel/0/ccr_hpcen, /0, /usic/0/channel/0/dx1cr_dsel, /0, /usic/0/channel/0/dx0cr_dsel, /0, /usic/0/channel/0/dx5cr_dsel, /0, /usic/0/channel/0/dx3cr_dsel, /0, /usic/0/channel/0/dx4cr_dsel, /0, /usic/0/channel/0/dx2cr_dsel, /0, /usic/0/channel/0/rbctr_arbien, /0, /usic/0/channel/0/rbctr_arbinp, /0, /usic/0/channel/0/ccr_aien, /0, /usic/0/channel/0/inpr_ainp, /0, /usic/0/channel/0/ccr_brgien, /0, /usic/0/channel/0/inpr_pinp, /0, /usic/0/channel/0/ccr_dlien, /0, /usic/0/channel/0/rbctr_rberien, /0, /usic/0/channel/0/ccr_rsien, /0, /usic/0/channel/0/inpr_tbinp, /0, /usic/0/channel/0/rbctr_srbien, /0, /usic/0/channel/0/rbctr_srbinp, /0, /usic/0/channel/0/ccr_rien, /0, /usic/0/channel/0/inpr_rinp, /0, /usic/0/channel/0/tbctr_stbien, /0, /usic/0/channel/0/tbctr_stbinp, /0, /usic/0/channel/0/tbctr_tberien, /0, /usic/0/channel/0/tbctr_atbinp, /0, /usic/0/channel/0/ccr_tbien, /0, /usic/0/channel/0/ccr_tsien, /0, /usic/0/channel/0/inpr_tsinp, /0, /usic/0/channel/0/rbctr_dptr, /0, /usic/0/channel/0/rbctr_size, /0, /usic/0/channel/0/tbctr_dptr, /0, /usic/0/channel/0/tbctr_size, /0, /usic/0/channel/1/ccr_hpcen, /0, /usic/0/channel/1/dx1cr_dsel, /0, /usic/0/channel/1/dx0cr_dsel, /0, /usic/0/channel/1/dx5cr_dsel, /0, /usic/0/channel/1/dx3cr_dsel, /0, /usic/0/channel/1/dx4cr_dsel, /0, /usic/0/channel/1/dx2cr_dsel, /0, /usic/0/channel/1/rbctr_arbien, /0, /usic/0/channel/1/rbctr_arbinp, /0, /usic/0/channel/1/ccr_aien, /0, /usic/0/channel/1/inpr_ainp, /0, /usic/0/channel/1/ccr_brgien, /0, /usic/0/channel/1/inpr_pinp, /0, /usic/0/channel/1/ccr_dlien, /0, /usic/0/channel/1/rbctr_rberien, /0, /usic/0/channel/1/ccr_rsien, /0, /usic/0/channel/1/inpr_tbinp, /0, /usic/0/channel/1/rbctr_srbien, /0, /usic/0/channel/1/rbctr_srbinp, /0, /usic/0/channel/1/ccr_rien, /0, /usic/0/channel/1/inpr_rinp, /0, /usic/0/channel/1/tbctr_stbien, /0, /usic/0/channel/1/tbctr_stbinp, /0, /usic/0/channel/1/tbctr_tberien, /0, /usic/0/channel/1/tbctr_atbinp, /0, /usic/0/channel/1/ccr_tbien, /0, /usic/0/channel/1/ccr_tsien, /0, /usic/0/channel/1/inpr_tsinp, /0, /usic/0/channel/1/rbctr_dptr, /0, /usic/0/channel/1/rbctr_size, /0, /usic/0/channel/1/tbctr_dptr, /0, /usic/0/channel/1/tbctr_size, /0, /vadc/0/backgnd/brsctrl_xtsel, /0, /vadc/0/backgnd/brsctrl_xtwc, /0, /vadc/0/backgnd/brsctrl_gtsel, /0, /vadc/0/backgnd/brsctrl_gtwc, /0, /vadc/0/backgnd/globevnp_sev0np, /0, /vadc/0/global/emuxsel_emuxgrp0, /0, /vadc/0/global/emuxsel_emuxgrp1, /0, /vadc/0/global_result/globevnp_revnp, /0]


Jul 31, 2017 12:07:18 AM java.util.logging.LogManager$RootLogger log
INFO: Start of solver :getFeasiblePins() : Mon Jul 31 00:07:18 CDT 2017


Jul 31, 2017 12:07:18 AM java.util.logging.LogManager$RootLogger log
INFO: 
timeout(ask_feasible_mapping([reserved([p,DIGITAL_IO0sv0,pad,_],'digital_io$01310748862$0'),
reserved([devicepackage,0,_],'digital_io$1882167628$0'),
signal('digital_io$01310748862$0',swreg_out,'digital_io$01310748862$0$swreg_out'),
signal('digital_io$01310748862$0',pad,'digital_io$01310748862$0$pad'),
signal('digital_io$1882167628$0',pin,'digital_io$1882167628$0$pin'),
connected('digital_io$1882167628$0$pin','digital_io$01310748862$0$pad',1),
connected('digital_io$01310748862$0$pad','digital_io$1882167628$0$pin',1),
uri_element_range(DIGITAL_IO0sv0,[0, 1, 2, 3, 4]),
register_value('digital_io$01310748862$0',iocr_oe,1)],'digital_io$1882167628$0',Result),15,writeln(timeout),all_solution, Timer, Due, Remainder).



Jul 31, 2017 12:07:18 AM java.util.logging.LogManager$RootLogger log
INFO: 
End of solver : getFeasiblePins() :  Difference in ms 11


Jul 31, 2017 12:07:18 AM java.util.logging.LogManager$RootLogger log
INFO: [/devicepackage/0/9, /devicepackage/0/8, /devicepackage/0/7, /devicepackage/0/4, /devicepackage/0/3, /devicepackage/0/10, /devicepackage/0/11, /devicepackage/0/12, /devicepackage/0/13, /devicepackage/0/14, /devicepackage/0/15]


Jul 31, 2017 12:07:21 AM java.util.logging.LogManager$RootLogger log
INFO: Start of solver :getSolution() : Mon Jul 31 00:07:21 CDT 2017


Jul 31, 2017 12:07:21 AM java.util.logging.LogManager$RootLogger log
INFO: 
timeout(solve_mapping_problem([ 
reserved([p,DIGITAL_IO0sv0,pad,_],'digital_io$01310748862$0'),
reserved([devicepackage,0,_],'digital_io$1882167628$0'),
uri([devicepackage,0,7],'digital_io$1882167628$0'),
signal('digital_io$01310748862$0',swreg_out,'digital_io$01310748862$0$swreg_out'),
signal('digital_io$01310748862$0',pad,'digital_io$01310748862$0$pad'),
signal('digital_io$1882167628$0',pin,'digital_io$1882167628$0$pin'),
connected('digital_io$1882167628$0$pin','digital_io$01310748862$0$pad',1),
connected('digital_io$01310748862$0$pad','digital_io$1882167628$0$pin',1),
uri_element_range(DIGITAL_IO0sv0,[0, 1, 2, 3, 4]),
register_value('digital_io$01310748862$0',iocr_oe,1)
 ],Vars,Regs,Appslocalvars),15,writeln(timeout),all_solution, Timer, Due, Remainder).



Jul 31, 2017 12:07:21 AM java.util.logging.LogManager$RootLogger log
INFO: 
End of solver : getSolution() :  Difference in ms 22


Jul 31, 2017 12:07:22 AM java.util.logging.LogManager$RootLogger log
INFO: [/p/0/pad/0, /digital_io$01310748862$0, /devicepackage/0/7, /digital_io$1882167628$0]


Jul 31, 2017 12:07:22 AM java.util.logging.LogManager$RootLogger log
INFO: [/p/2/pad/6/iocr_pcr, /0, /p/2/pad/6/iocr_oe, /0, /p/2/pad/6/pdisc_pdis, /1, /p/2/pad/7/iocr_pcr, /0, /p/2/pad/7/iocr_oe, /0, /p/2/pad/7/pdisc_pdis, /1, /p/2/pad/8/iocr_pcr, /0, /p/2/pad/8/iocr_oe, /0, /p/2/pad/8/pdisc_pdis, /1, /p/2/pad/9/iocr_pcr, /0, /p/2/pad/9/iocr_oe, /0, /p/2/pad/9/pdisc_pdis, /1, /p/0/pad/0/iocr_pcr, /0, /p/0/pad/0/iocr_oe, /1, /p/0/pad/0/hwsel_hw, /0, /p/0/pad/14/iocr_pcr, /0, /p/0/pad/14/iocr_oe, /0, /p/0/pad/14/hwsel_hw, /0, /p/0/pad/15/iocr_pcr, /0, /p/0/pad/15/iocr_oe, /0, /p/0/pad/15/hwsel_hw, /0, /p/0/pad/5/iocr_pcr, /0, /p/0/pad/5/iocr_oe, /0, /p/0/pad/5/hwsel_hw, /0, /p/0/pad/6/iocr_pcr, /0, /p/0/pad/6/iocr_oe, /0, /p/0/pad/6/hwsel_hw, /0, /p/0/pad/7/iocr_pcr, /0, /p/0/pad/7/iocr_oe, /0, /p/0/pad/7/hwsel_hw, /0, /p/0/pad/8/iocr_pcr, /0, /p/0/pad/8/iocr_oe, /0, /p/0/pad/8/hwsel_hw, /0, /p/0/pad/9/iocr_pcr, /0, /p/0/pad/9/iocr_oe, /0, /p/0/pad/9/hwsel_hw, /0, /p/2/pad/0/iocr_pcr, /0, /p/2/pad/0/iocr_oe, /0, /p/2/pad/0/hwsel_hw, /0, /p/2/pad/0/pdisc_pdis, /1, /p/2/pad/10/iocr_pcr, /0, /p/2/pad/10/iocr_oe, /0, /p/2/pad/10/hwsel_hw, /0, /p/2/pad/10/pdisc_pdis, /1, /p/2/pad/11/iocr_pcr, /0, /p/2/pad/11/iocr_oe, /0, /p/2/pad/11/hwsel_hw, /0, /p/2/pad/11/pdisc_pdis, /1, /ccu4/0/cc4/0/srs_cmsr, /0, /ccu4/0/cc4/0/srs_e0sr, /0, /ccu4/0/cc4/0/srs_e1sr, /0, /ccu4/0/cc4/0/srs_e2sr, /0, /ccu4/0/cc4/0/ins_ev0is, /0, /ccu4/0/cc4/0/ins_ev1is, /0, /ccu4/0/cc4/0/ins_ev2is, /0, /ccu4/0/cc4/0/srs_posr, /0, /ccu4/0/cc4/1/srs_cmsr, /0, /ccu4/0/cc4/1/srs_e0sr, /0, /ccu4/0/cc4/1/srs_e1sr, /0, /ccu4/0/cc4/1/srs_e2sr, /0, /ccu4/0/cc4/1/ins_ev0is, /0, /ccu4/0/cc4/1/ins_ev1is, /0, /ccu4/0/cc4/1/ins_ev2is, /0, /ccu4/0/cc4/1/srs_posr, /0, /ccu4/0/cc4/1/cmc_tce, /0, /ccu4/0/cc4/2/srs_cmsr, /0, /ccu4/0/cc4/2/srs_e0sr, /0, /ccu4/0/cc4/2/srs_e1sr, /0, /ccu4/0/cc4/2/srs_e2sr, /0, /ccu4/0/cc4/2/ins_ev0is, /0, /ccu4/0/cc4/2/ins_ev1is, /0, /ccu4/0/cc4/2/ins_ev2is, /0, /ccu4/0/cc4/2/srs_posr, /0, /ccu4/0/cc4/2/cmc_tce, /0, /ccu4/0/cc4/3/srs_cmsr, /0, /ccu4/0/cc4/3/srs_e0sr, /0, /ccu4/0/cc4/3/srs_e1sr, /0, /ccu4/0/cc4/3/srs_e2sr, /0, /ccu4/0/cc4/3/ins_ev0is, /0, /ccu4/0/cc4/3/ins_ev1is, /0, /ccu4/0/cc4/3/ins_ev2is, /0, /ccu4/0/cc4/3/srs_posr, /0, /ccu4/0/cc4/3/cmc_tce, /0, /ccu4/0/global/gctrl_pcis, /0, /cpu/0/nvic/interrupt/0/iser_setena, /0, /cpu/0/nvic/interrupt/1/iser_setena, /0, /cpu/0/nvic/interrupt/10/iser_setena, /0, /cpu/0/nvic/interrupt/11/iser_setena, /0, /cpu/0/nvic/interrupt/12/iser_setena, /0, /cpu/0/nvic/interrupt/13/iser_setena, /0, /cpu/0/nvic/interrupt/14/iser_setena, /0, /cpu/0/nvic/interrupt/15/iser_setena, /0, /cpu/0/nvic/interrupt/16/iser_setena, /0, /cpu/0/nvic/interrupt/17/iser_setena, /0, /cpu/0/nvic/interrupt/18/iser_setena, /0, /cpu/0/nvic/interrupt/19/iser_setena, /0, /cpu/0/nvic/interrupt/2/iser_setena, /0, /cpu/0/nvic/interrupt/20/iser_setena, /0, /cpu/0/nvic/interrupt/21/iser_setena, /0, /cpu/0/nvic/interrupt/22/iser_setena, /0, /cpu/0/nvic/interrupt/23/iser_setena, /0, /cpu/0/nvic/interrupt/24/iser_setena, /0, /cpu/0/nvic/interrupt/25/iser_setena, /0, /cpu/0/nvic/interrupt/26/iser_setena, /0, /cpu/0/nvic/interrupt/27/iser_setena, /0, /cpu/0/nvic/interrupt/28/iser_setena, /0, /cpu/0/nvic/interrupt/29/iser_setena, /0, /cpu/0/nvic/interrupt/3/iser_setena, /0, /cpu/0/nvic/interrupt/30/iser_setena, /0, /cpu/0/nvic/interrupt/31/iser_setena, /0, /cpu/0/nvic/interrupt/4/iser_setena, /0, /cpu/0/nvic/interrupt/5/iser_setena, /0, /cpu/0/nvic/interrupt/6/iser_setena, /0, /cpu/0/nvic/interrupt/7/iser_setena, /0, /cpu/0/nvic/interrupt/9/iser_setena, /0, /eru/0/ers_etl/0/exicon_pe, /0, /eru/0/ers_etl/0/exicon_ocs, /0, /eru/0/ers_etl/0/exisel_exsxb, /0, /eru/0/ers_etl/0/exisel_exsxa, /0, /eru/0/ers_etl/1/exicon_pe, /0, /eru/0/ers_etl/1/exicon_ocs, /0, /eru/0/ers_etl/1/exisel_exsxb, /0, /eru/0/ers_etl/1/exisel_exsxa, /0, /eru/0/ers_etl/2/exicon_pe, /0, /eru/0/ers_etl/2/exicon_ocs, /0, /eru/0/ers_etl/2/exisel_exsxb, /0, /eru/0/ers_etl/2/exisel_exsxa, /0, /eru/0/ers_etl/3/exicon_pe, /0, /eru/0/ers_etl/3/exicon_ocs, /0, /eru/0/ers_etl/3/exisel_exsxb, /0, /eru/0/ers_etl/3/exisel_exsxa, /0, /eru/0/ogu/0/exocon_iss, /0, /eru/0/ogu/0/exocon_ipen0, /0, /eru/0/ogu/0/exocon_ipen1, /0, /eru/0/ogu/0/exocon_ipen2, /0, /eru/0/ogu/0/exocon_ipen3, /0, /eru/0/ogu/1/exocon_iss, /0, /eru/0/ogu/1/exocon_ipen0, /0, /eru/0/ogu/1/exocon_ipen1, /0, /eru/0/ogu/1/exocon_ipen2, /0, /eru/0/ogu/1/exocon_ipen3, /0, /eru/0/ogu/2/exocon_iss, /0, /eru/0/ogu/2/exocon_ipen0, /0, /eru/0/ogu/2/exocon_ipen1, /0, /eru/0/ogu/2/exocon_ipen2, /0, /eru/0/ogu/2/exocon_ipen3, /0, /eru/0/ogu/3/exocon_iss, /0, /eru/0/ogu/3/exocon_ipen0, /0, /eru/0/ogu/3/exocon_ipen1, /0, /eru/0/ogu/3/exocon_ipen2, /0, /eru/0/ogu/3/exocon_ipen3, /0, /scu/0/ccu/config/clkcr_rtcclksel, /0, /usic/0/channel/0/ccr_hpcen, /0, /usic/0/channel/0/dx1cr_dsel, /0, /usic/0/channel/0/dx0cr_dsel, /0, /usic/0/channel/0/dx5cr_dsel, /0, /usic/0/channel/0/dx3cr_dsel, /0, /usic/0/channel/0/dx4cr_dsel, /0, /usic/0/channel/0/dx2cr_dsel, /0, /usic/0/channel/0/rbctr_arbien, /0, /usic/0/channel/0/rbctr_arbinp, /0, /usic/0/channel/0/ccr_aien, /0, /usic/0/channel/0/inpr_ainp, /0, /usic/0/channel/0/ccr_brgien, /0, /usic/0/channel/0/inpr_pinp, /0, /usic/0/channel/0/ccr_dlien, /0, /usic/0/channel/0/rbctr_rberien, /0, /usic/0/channel/0/ccr_rsien, /0, /usic/0/channel/0/inpr_tbinp, /0, /usic/0/channel/0/rbctr_srbien, /0, /usic/0/channel/0/rbctr_srbinp, /0, /usic/0/channel/0/ccr_rien, /0, /usic/0/channel/0/inpr_rinp, /0, /usic/0/channel/0/tbctr_stbien, /0, /usic/0/channel/0/tbctr_stbinp, /0, /usic/0/channel/0/tbctr_tberien, /0, /usic/0/channel/0/tbctr_atbinp, /0, /usic/0/channel/0/ccr_tbien, /0, /usic/0/channel/0/ccr_tsien, /0, /usic/0/channel/0/inpr_tsinp, /0, /usic/0/channel/0/rbctr_dptr, /0, /usic/0/channel/0/rbctr_size, /0, /usic/0/channel/0/tbctr_dptr, /0, /usic/0/channel/0/tbctr_size, /0, /usic/0/channel/1/ccr_hpcen, /0, /usic/0/channel/1/dx1cr_dsel, /0, /usic/0/channel/1/dx0cr_dsel, /0, /usic/0/channel/1/dx5cr_dsel, /0, /usic/0/channel/1/dx3cr_dsel, /0, /usic/0/channel/1/dx4cr_dsel, /0, /usic/0/channel/1/dx2cr_dsel, /0, /usic/0/channel/1/rbctr_arbien, /0, /usic/0/channel/1/rbctr_arbinp, /0, /usic/0/channel/1/ccr_aien, /0, /usic/0/channel/1/inpr_ainp, /0, /usic/0/channel/1/ccr_brgien, /0, /usic/0/channel/1/inpr_pinp, /0, /usic/0/channel/1/ccr_dlien, /0, /usic/0/channel/1/rbctr_rberien, /0, /usic/0/channel/1/ccr_rsien, /0, /usic/0/channel/1/inpr_tbinp, /0, /usic/0/channel/1/rbctr_srbien, /0, /usic/0/channel/1/rbctr_srbinp, /0, /usic/0/channel/1/ccr_rien, /0, /usic/0/channel/1/inpr_rinp, /0, /usic/0/channel/1/tbctr_stbien, /0, /usic/0/channel/1/tbctr_stbinp, /0, /usic/0/channel/1/tbctr_tberien, /0, /usic/0/channel/1/tbctr_atbinp, /0, /usic/0/channel/1/ccr_tbien, /0, /usic/0/channel/1/ccr_tsien, /0, /usic/0/channel/1/inpr_tsinp, /0, /usic/0/channel/1/rbctr_dptr, /0, /usic/0/channel/1/rbctr_size, /0, /usic/0/channel/1/tbctr_dptr, /0, /usic/0/channel/1/tbctr_size, /0, /vadc/0/backgnd/brsctrl_xtsel, /0, /vadc/0/backgnd/brsctrl_xtwc, /0, /vadc/0/backgnd/brsctrl_gtsel, /0, /vadc/0/backgnd/brsctrl_gtwc, /0, /vadc/0/backgnd/globevnp_sev0np, /0, /vadc/0/global/emuxsel_emuxgrp0, /0, /vadc/0/global/emuxsel_emuxgrp1, /0, /vadc/0/global_result/globevnp_revnp, /0]


Jul 31, 2017 12:07:35 AM java.util.logging.LogManager$RootLogger log
INFO: Start of solver :getSolution() : Mon Jul 31 00:07:35 CDT 2017


Jul 31, 2017 12:07:35 AM java.util.logging.LogManager$RootLogger log
INFO: 
timeout(solve_mapping_problem([ 
reserved([p,DIGITAL_IO0sv0,pad,_],'digital_io$01310748862$0'),
reserved([devicepackage,0,_],'digital_io$1882167628$0'),
uri([devicepackage,0,7],'digital_io$1882167628$0'),
signal('digital_io$01310748862$0',swreg_out,'digital_io$01310748862$0$swreg_out'),
signal('digital_io$01310748862$0',pad,'digital_io$01310748862$0$pad'),
signal('digital_io$1882167628$0',pin,'digital_io$1882167628$0$pin'),
connected('digital_io$1882167628$0$pin','digital_io$01310748862$0$pad',1),
connected('digital_io$01310748862$0$pad','digital_io$1882167628$0$pin',1),
uri_element_range(DIGITAL_IO0sv0,[0, 1, 2, 3, 4]),
register_value('digital_io$01310748862$0',iocr_oe,1)
 ],Vars,Regs,Appslocalvars),15,writeln(timeout),all_solution, Timer, Due, Remainder).



Jul 31, 2017 12:07:35 AM java.util.logging.LogManager$RootLogger log
INFO: 
End of solver : getSolution() :  Difference in ms 28


Jul 31, 2017 12:07:35 AM java.util.logging.LogManager$RootLogger log
INFO: [/p/0/pad/0, /digital_io$01310748862$0, /devicepackage/0/7, /digital_io$1882167628$0]


Jul 31, 2017 12:07:35 AM java.util.logging.LogManager$RootLogger log
INFO: [/p/2/pad/6/iocr_pcr, /0, /p/2/pad/6/iocr_oe, /0, /p/2/pad/6/pdisc_pdis, /1, /p/2/pad/7/iocr_pcr, /0, /p/2/pad/7/iocr_oe, /0, /p/2/pad/7/pdisc_pdis, /1, /p/2/pad/8/iocr_pcr, /0, /p/2/pad/8/iocr_oe, /0, /p/2/pad/8/pdisc_pdis, /1, /p/2/pad/9/iocr_pcr, /0, /p/2/pad/9/iocr_oe, /0, /p/2/pad/9/pdisc_pdis, /1, /p/0/pad/0/iocr_pcr, /0, /p/0/pad/0/iocr_oe, /1, /p/0/pad/0/hwsel_hw, /0, /p/0/pad/14/iocr_pcr, /0, /p/0/pad/14/iocr_oe, /0, /p/0/pad/14/hwsel_hw, /0, /p/0/pad/15/iocr_pcr, /0, /p/0/pad/15/iocr_oe, /0, /p/0/pad/15/hwsel_hw, /0, /p/0/pad/5/iocr_pcr, /0, /p/0/pad/5/iocr_oe, /0, /p/0/pad/5/hwsel_hw, /0, /p/0/pad/6/iocr_pcr, /0, /p/0/pad/6/iocr_oe, /0, /p/0/pad/6/hwsel_hw, /0, /p/0/pad/7/iocr_pcr, /0, /p/0/pad/7/iocr_oe, /0, /p/0/pad/7/hwsel_hw, /0, /p/0/pad/8/iocr_pcr, /0, /p/0/pad/8/iocr_oe, /0, /p/0/pad/8/hwsel_hw, /0, /p/0/pad/9/iocr_pcr, /0, /p/0/pad/9/iocr_oe, /0, /p/0/pad/9/hwsel_hw, /0, /p/2/pad/0/iocr_pcr, /0, /p/2/pad/0/iocr_oe, /0, /p/2/pad/0/hwsel_hw, /0, /p/2/pad/0/pdisc_pdis, /1, /p/2/pad/10/iocr_pcr, /0, /p/2/pad/10/iocr_oe, /0, /p/2/pad/10/hwsel_hw, /0, /p/2/pad/10/pdisc_pdis, /1, /p/2/pad/11/iocr_pcr, /0, /p/2/pad/11/iocr_oe, /0, /p/2/pad/11/hwsel_hw, /0, /p/2/pad/11/pdisc_pdis, /1, /ccu4/0/cc4/0/srs_cmsr, /0, /ccu4/0/cc4/0/srs_e0sr, /0, /ccu4/0/cc4/0/srs_e1sr, /0, /ccu4/0/cc4/0/srs_e2sr, /0, /ccu4/0/cc4/0/ins_ev0is, /0, /ccu4/0/cc4/0/ins_ev1is, /0, /ccu4/0/cc4/0/ins_ev2is, /0, /ccu4/0/cc4/0/srs_posr, /0, /ccu4/0/cc4/1/srs_cmsr, /0, /ccu4/0/cc4/1/srs_e0sr, /0, /ccu4/0/cc4/1/srs_e1sr, /0, /ccu4/0/cc4/1/srs_e2sr, /0, /ccu4/0/cc4/1/ins_ev0is, /0, /ccu4/0/cc4/1/ins_ev1is, /0, /ccu4/0/cc4/1/ins_ev2is, /0, /ccu4/0/cc4/1/srs_posr, /0, /ccu4/0/cc4/1/cmc_tce, /0, /ccu4/0/cc4/2/srs_cmsr, /0, /ccu4/0/cc4/2/srs_e0sr, /0, /ccu4/0/cc4/2/srs_e1sr, /0, /ccu4/0/cc4/2/srs_e2sr, /0, /ccu4/0/cc4/2/ins_ev0is, /0, /ccu4/0/cc4/2/ins_ev1is, /0, /ccu4/0/cc4/2/ins_ev2is, /0, /ccu4/0/cc4/2/srs_posr, /0, /ccu4/0/cc4/2/cmc_tce, /0, /ccu4/0/cc4/3/srs_cmsr, /0, /ccu4/0/cc4/3/srs_e0sr, /0, /ccu4/0/cc4/3/srs_e1sr, /0, /ccu4/0/cc4/3/srs_e2sr, /0, /ccu4/0/cc4/3/ins_ev0is, /0, /ccu4/0/cc4/3/ins_ev1is, /0, /ccu4/0/cc4/3/ins_ev2is, /0, /ccu4/0/cc4/3/srs_posr, /0, /ccu4/0/cc4/3/cmc_tce, /0, /ccu4/0/global/gctrl_pcis, /0, /cpu/0/nvic/interrupt/0/iser_setena, /0, /cpu/0/nvic/interrupt/1/iser_setena, /0, /cpu/0/nvic/interrupt/10/iser_setena, /0, /cpu/0/nvic/interrupt/11/iser_setena, /0, /cpu/0/nvic/interrupt/12/iser_setena, /0, /cpu/0/nvic/interrupt/13/iser_setena, /0, /cpu/0/nvic/interrupt/14/iser_setena, /0, /cpu/0/nvic/interrupt/15/iser_setena, /0, /cpu/0/nvic/interrupt/16/iser_setena, /0, /cpu/0/nvic/interrupt/17/iser_setena, /0, /cpu/0/nvic/interrupt/18/iser_setena, /0, /cpu/0/nvic/interrupt/19/iser_setena, /0, /cpu/0/nvic/interrupt/2/iser_setena, /0, /cpu/0/nvic/interrupt/20/iser_setena, /0, /cpu/0/nvic/interrupt/21/iser_setena, /0, /cpu/0/nvic/interrupt/22/iser_setena, /0, /cpu/0/nvic/interrupt/23/iser_setena, /0, /cpu/0/nvic/interrupt/24/iser_setena, /0, /cpu/0/nvic/interrupt/25/iser_setena, /0, /cpu/0/nvic/interrupt/26/iser_setena, /0, /cpu/0/nvic/interrupt/27/iser_setena, /0, /cpu/0/nvic/interrupt/28/iser_setena, /0, /cpu/0/nvic/interrupt/29/iser_setena, /0, /cpu/0/nvic/interrupt/3/iser_setena, /0, /cpu/0/nvic/interrupt/30/iser_setena, /0, /cpu/0/nvic/interrupt/31/iser_setena, /0, /cpu/0/nvic/interrupt/4/iser_setena, /0, /cpu/0/nvic/interrupt/5/iser_setena, /0, /cpu/0/nvic/interrupt/6/iser_setena, /0, /cpu/0/nvic/interrupt/7/iser_setena, /0, /cpu/0/nvic/interrupt/9/iser_setena, /0, /eru/0/ers_etl/0/exicon_pe, /0, /eru/0/ers_etl/0/exicon_ocs, /0, /eru/0/ers_etl/0/exisel_exsxb, /0, /eru/0/ers_etl/0/exisel_exsxa, /0, /eru/0/ers_etl/1/exicon_pe, /0, /eru/0/ers_etl/1/exicon_ocs, /0, /eru/0/ers_etl/1/exisel_exsxb, /0, /eru/0/ers_etl/1/exisel_exsxa, /0, /eru/0/ers_etl/2/exicon_pe, /0, /eru/0/ers_etl/2/exicon_ocs, /0, /eru/0/ers_etl/2/exisel_exsxb, /0, /eru/0/ers_etl/2/exisel_exsxa, /0, /eru/0/ers_etl/3/exicon_pe, /0, /eru/0/ers_etl/3/exicon_ocs, /0, /eru/0/ers_etl/3/exisel_exsxb, /0, /eru/0/ers_etl/3/exisel_exsxa, /0, /eru/0/ogu/0/exocon_iss, /0, /eru/0/ogu/0/exocon_ipen0, /0, /eru/0/ogu/0/exocon_ipen1, /0, /eru/0/ogu/0/exocon_ipen2, /0, /eru/0/ogu/0/exocon_ipen3, /0, /eru/0/ogu/1/exocon_iss, /0, /eru/0/ogu/1/exocon_ipen0, /0, /eru/0/ogu/1/exocon_ipen1, /0, /eru/0/ogu/1/exocon_ipen2, /0, /eru/0/ogu/1/exocon_ipen3, /0, /eru/0/ogu/2/exocon_iss, /0, /eru/0/ogu/2/exocon_ipen0, /0, /eru/0/ogu/2/exocon_ipen1, /0, /eru/0/ogu/2/exocon_ipen2, /0, /eru/0/ogu/2/exocon_ipen3, /0, /eru/0/ogu/3/exocon_iss, /0, /eru/0/ogu/3/exocon_ipen0, /0, /eru/0/ogu/3/exocon_ipen1, /0, /eru/0/ogu/3/exocon_ipen2, /0, /eru/0/ogu/3/exocon_ipen3, /0, /scu/0/ccu/config/clkcr_rtcclksel, /0, /usic/0/channel/0/ccr_hpcen, /0, /usic/0/channel/0/dx1cr_dsel, /0, /usic/0/channel/0/dx0cr_dsel, /0, /usic/0/channel/0/dx5cr_dsel, /0, /usic/0/channel/0/dx3cr_dsel, /0, /usic/0/channel/0/dx4cr_dsel, /0, /usic/0/channel/0/dx2cr_dsel, /0, /usic/0/channel/0/rbctr_arbien, /0, /usic/0/channel/0/rbctr_arbinp, /0, /usic/0/channel/0/ccr_aien, /0, /usic/0/channel/0/inpr_ainp, /0, /usic/0/channel/0/ccr_brgien, /0, /usic/0/channel/0/inpr_pinp, /0, /usic/0/channel/0/ccr_dlien, /0, /usic/0/channel/0/rbctr_rberien, /0, /usic/0/channel/0/ccr_rsien, /0, /usic/0/channel/0/inpr_tbinp, /0, /usic/0/channel/0/rbctr_srbien, /0, /usic/0/channel/0/rbctr_srbinp, /0, /usic/0/channel/0/ccr_rien, /0, /usic/0/channel/0/inpr_rinp, /0, /usic/0/channel/0/tbctr_stbien, /0, /usic/0/channel/0/tbctr_stbinp, /0, /usic/0/channel/0/tbctr_tberien, /0, /usic/0/channel/0/tbctr_atbinp, /0, /usic/0/channel/0/ccr_tbien, /0, /usic/0/channel/0/ccr_tsien, /0, /usic/0/channel/0/inpr_tsinp, /0, /usic/0/channel/0/rbctr_dptr, /0, /usic/0/channel/0/rbctr_size, /0, /usic/0/channel/0/tbctr_dptr, /0, /usic/0/channel/0/tbctr_size, /0, /usic/0/channel/1/ccr_hpcen, /0, /usic/0/channel/1/dx1cr_dsel, /0, /usic/0/channel/1/dx0cr_dsel, /0, /usic/0/channel/1/dx5cr_dsel, /0, /usic/0/channel/1/dx3cr_dsel, /0, /usic/0/channel/1/dx4cr_dsel, /0, /usic/0/channel/1/dx2cr_dsel, /0, /usic/0/channel/1/rbctr_arbien, /0, /usic/0/channel/1/rbctr_arbinp, /0, /usic/0/channel/1/ccr_aien, /0, /usic/0/channel/1/inpr_ainp, /0, /usic/0/channel/1/ccr_brgien, /0, /usic/0/channel/1/inpr_pinp, /0, /usic/0/channel/1/ccr_dlien, /0, /usic/0/channel/1/rbctr_rberien, /0, /usic/0/channel/1/ccr_rsien, /0, /usic/0/channel/1/inpr_tbinp, /0, /usic/0/channel/1/rbctr_srbien, /0, /usic/0/channel/1/rbctr_srbinp, /0, /usic/0/channel/1/ccr_rien, /0, /usic/0/channel/1/inpr_rinp, /0, /usic/0/channel/1/tbctr_stbien, /0, /usic/0/channel/1/tbctr_stbinp, /0, /usic/0/channel/1/tbctr_tberien, /0, /usic/0/channel/1/tbctr_atbinp, /0, /usic/0/channel/1/ccr_tbien, /0, /usic/0/channel/1/ccr_tsien, /0, /usic/0/channel/1/inpr_tsinp, /0, /usic/0/channel/1/rbctr_dptr, /0, /usic/0/channel/1/rbctr_size, /0, /usic/0/channel/1/tbctr_dptr, /0, /usic/0/channel/1/tbctr_size, /0, /vadc/0/backgnd/brsctrl_xtsel, /0, /vadc/0/backgnd/brsctrl_xtwc, /0, /vadc/0/backgnd/brsctrl_gtsel, /0, /vadc/0/backgnd/brsctrl_gtwc, /0, /vadc/0/backgnd/globevnp_sev0np, /0, /vadc/0/global/emuxsel_emuxgrp0, /0, /vadc/0/global/emuxsel_emuxgrp1, /0, /vadc/0/global_result/globevnp_revnp, /0]


Jul 31, 2017 12:10:02 AM java.util.logging.LogManager$RootLogger log
INFO: Start of solver :getFeasibleVirtualResources() : Mon Jul 31 00:10:02 CDT 2017


Jul 31, 2017 12:10:02 AM java.util.logging.LogManager$RootLogger log
INFO: 
timeout(ask_feasible_virtual_resource([reserved([p,DIGITAL_IO0sv0,pad,_],'digital_io$01310748862$0'),
reserved([devicepackage,0,_],'digital_io$1882167628$0'),
uri([devicepackage,0,7],'digital_io$1882167628$0'),
signal('digital_io$01310748862$0',swreg_out,'digital_io$01310748862$0$swreg_out'),
signal('digital_io$01310748862$0',pad,'digital_io$01310748862$0$pad'),
signal('digital_io$1882167628$0',pin,'digital_io$1882167628$0$pin'),
connected('digital_io$1882167628$0$pin','digital_io$01310748862$0$pad',1),
connected('digital_io$01310748862$0$pad','digital_io$1882167628$0$pin',1),
uri_element_range(DIGITAL_IO0sv0,[0, 1, 2, 3, 4]),
register_value('digital_io$01310748862$0',iocr_oe,1)],[devicepackage,0,6],Result),15,writeln(timeout),all_solution, Timer, Due, Remainder).



Jul 31, 2017 12:10:02 AM java.util.logging.LogManager$RootLogger log
INFO: 
End of solver : getFeasibleVirtualResources() :  Difference in ms 19


Aug 05, 2017 5:43:25 PM java.util.logging.LogManager$RootLogger log
INFO: Start of solver :getSolution() : Sat Aug 05 17:43:25 CDT 2017


Aug 05, 2017 5:43:26 PM java.util.logging.LogManager$RootLogger log
INFO: 
timeout(solve_mapping_problem([ 
reserved([p,DIGITAL_IO0sv0,pad,_],'digital_io$01310748862$0'),
reserved([devicepackage,0,_],'digital_io$1882167628$0'),
uri([devicepackage,0,7],'digital_io$1882167628$0'),
signal('digital_io$01310748862$0',pad,'digital_io$01310748862$0$pad'),
signal('digital_io$01310748862$0',hw_o,'digital_io$01310748862$0$hw_o'),
signal('digital_io$1882167628$0',pin,'digital_io$1882167628$0$pin'),
connected('digital_io$1882167628$0$pin','digital_io$01310748862$0$pad',1),
connected('digital_io$01310748862$0$pad','digital_io$1882167628$0$pin',1),
uri_element_range(DIGITAL_IO0sv0,[0, 1, 2, 3, 4])
 ],Vars,Regs,Appslocalvars),15,writeln(timeout),all_solution, Timer, Due, Remainder).



Aug 05, 2017 5:43:26 PM java.util.logging.LogManager$RootLogger log
INFO: 
End of solver : getSolution() :  Difference in ms 64


Aug 05, 2017 5:43:26 PM java.util.logging.LogManager$RootLogger log
INFO: [/p/0/pad/0, /digital_io$01310748862$0, /devicepackage/0/7, /digital_io$1882167628$0]


Aug 05, 2017 5:43:26 PM java.util.logging.LogManager$RootLogger log
INFO: [/p/2/pad/6/iocr_pcr, /0, /p/2/pad/6/iocr_oe, /0, /p/2/pad/6/pdisc_pdis, /1, /p/2/pad/7/iocr_pcr, /0, /p/2/pad/7/iocr_oe, /0, /p/2/pad/7/pdisc_pdis, /1, /p/2/pad/8/iocr_pcr, /0, /p/2/pad/8/iocr_oe, /0, /p/2/pad/8/pdisc_pdis, /1, /p/2/pad/9/iocr_pcr, /0, /p/2/pad/9/iocr_oe, /0, /p/2/pad/9/pdisc_pdis, /1, /p/0/pad/0/iocr_pcr, /0, /p/0/pad/0/iocr_oe, /0, /p/0/pad/0/hwsel_hw, /0, /p/0/pad/14/iocr_pcr, /0, /p/0/pad/14/iocr_oe, /0, /p/0/pad/14/hwsel_hw, /0, /p/0/pad/15/iocr_pcr, /0, /p/0/pad/15/iocr_oe, /0, /p/0/pad/15/hwsel_hw, /0, /p/0/pad/5/iocr_pcr, /0, /p/0/pad/5/iocr_oe, /0, /p/0/pad/5/hwsel_hw, /0, /p/0/pad/6/iocr_pcr, /0, /p/0/pad/6/iocr_oe, /0, /p/0/pad/6/hwsel_hw, /0, /p/0/pad/7/iocr_pcr, /0, /p/0/pad/7/iocr_oe, /0, /p/0/pad/7/hwsel_hw, /0, /p/0/pad/8/iocr_pcr, /0, /p/0/pad/8/iocr_oe, /0, /p/0/pad/8/hwsel_hw, /0, /p/0/pad/9/iocr_pcr, /0, /p/0/pad/9/iocr_oe, /0, /p/0/pad/9/hwsel_hw, /0, /p/2/pad/0/iocr_pcr, /0, /p/2/pad/0/iocr_oe, /0, /p/2/pad/0/hwsel_hw, /0, /p/2/pad/0/pdisc_pdis, /1, /p/2/pad/10/iocr_pcr, /0, /p/2/pad/10/iocr_oe, /0, /p/2/pad/10/hwsel_hw, /0, /p/2/pad/10/pdisc_pdis, /1, /p/2/pad/11/iocr_pcr, /0, /p/2/pad/11/iocr_oe, /0, /p/2/pad/11/hwsel_hw, /0, /p/2/pad/11/pdisc_pdis, /1, /ccu4/0/cc4/0/srs_cmsr, /0, /ccu4/0/cc4/0/srs_e0sr, /0, /ccu4/0/cc4/0/srs_e1sr, /0, /ccu4/0/cc4/0/srs_e2sr, /0, /ccu4/0/cc4/0/ins_ev0is, /0, /ccu4/0/cc4/0/ins_ev1is, /0, /ccu4/0/cc4/0/ins_ev2is, /0, /ccu4/0/cc4/0/srs_posr, /0, /ccu4/0/cc4/1/srs_cmsr, /0, /ccu4/0/cc4/1/srs_e0sr, /0, /ccu4/0/cc4/1/srs_e1sr, /0, /ccu4/0/cc4/1/srs_e2sr, /0, /ccu4/0/cc4/1/ins_ev0is, /0, /ccu4/0/cc4/1/ins_ev1is, /0, /ccu4/0/cc4/1/ins_ev2is, /0, /ccu4/0/cc4/1/srs_posr, /0, /ccu4/0/cc4/1/cmc_tce, /0, /ccu4/0/cc4/2/srs_cmsr, /0, /ccu4/0/cc4/2/srs_e0sr, /0, /ccu4/0/cc4/2/srs_e1sr, /0, /ccu4/0/cc4/2/srs_e2sr, /0, /ccu4/0/cc4/2/ins_ev0is, /0, /ccu4/0/cc4/2/ins_ev1is, /0, /ccu4/0/cc4/2/ins_ev2is, /0, /ccu4/0/cc4/2/srs_posr, /0, /ccu4/0/cc4/2/cmc_tce, /0, /ccu4/0/cc4/3/srs_cmsr, /0, /ccu4/0/cc4/3/srs_e0sr, /0, /ccu4/0/cc4/3/srs_e1sr, /0, /ccu4/0/cc4/3/srs_e2sr, /0, /ccu4/0/cc4/3/ins_ev0is, /0, /ccu4/0/cc4/3/ins_ev1is, /0, /ccu4/0/cc4/3/ins_ev2is, /0, /ccu4/0/cc4/3/srs_posr, /0, /ccu4/0/cc4/3/cmc_tce, /0, /ccu4/0/global/gctrl_pcis, /0, /cpu/0/nvic/interrupt/0/iser_setena, /0, /cpu/0/nvic/interrupt/1/iser_setena, /0, /cpu/0/nvic/interrupt/10/iser_setena, /0, /cpu/0/nvic/interrupt/11/iser_setena, /0, /cpu/0/nvic/interrupt/12/iser_setena, /0, /cpu/0/nvic/interrupt/13/iser_setena, /0, /cpu/0/nvic/interrupt/14/iser_setena, /0, /cpu/0/nvic/interrupt/15/iser_setena, /0, /cpu/0/nvic/interrupt/16/iser_setena, /0, /cpu/0/nvic/interrupt/17/iser_setena, /0, /cpu/0/nvic/interrupt/18/iser_setena, /0, /cpu/0/nvic/interrupt/19/iser_setena, /0, /cpu/0/nvic/interrupt/2/iser_setena, /0, /cpu/0/nvic/interrupt/20/iser_setena, /0, /cpu/0/nvic/interrupt/21/iser_setena, /0, /cpu/0/nvic/interrupt/22/iser_setena, /0, /cpu/0/nvic/interrupt/23/iser_setena, /0, /cpu/0/nvic/interrupt/24/iser_setena, /0, /cpu/0/nvic/interrupt/25/iser_setena, /0, /cpu/0/nvic/interrupt/26/iser_setena, /0, /cpu/0/nvic/interrupt/27/iser_setena, /0, /cpu/0/nvic/interrupt/28/iser_setena, /0, /cpu/0/nvic/interrupt/29/iser_setena, /0, /cpu/0/nvic/interrupt/3/iser_setena, /0, /cpu/0/nvic/interrupt/30/iser_setena, /0, /cpu/0/nvic/interrupt/31/iser_setena, /0, /cpu/0/nvic/interrupt/4/iser_setena, /0, /cpu/0/nvic/interrupt/5/iser_setena, /0, /cpu/0/nvic/interrupt/6/iser_setena, /0, /cpu/0/nvic/interrupt/7/iser_setena, /0, /cpu/0/nvic/interrupt/9/iser_setena, /0, /eru/0/ers_etl/0/exicon_pe, /0, /eru/0/ers_etl/0/exicon_ocs, /0, /eru/0/ers_etl/0/exisel_exsxb, /0, /eru/0/ers_etl/0/exisel_exsxa, /0, /eru/0/ers_etl/1/exicon_pe, /0, /eru/0/ers_etl/1/exicon_ocs, /0, /eru/0/ers_etl/1/exisel_exsxb, /0, /eru/0/ers_etl/1/exisel_exsxa, /0, /eru/0/ers_etl/2/exicon_pe, /0, /eru/0/ers_etl/2/exicon_ocs, /0, /eru/0/ers_etl/2/exisel_exsxb, /0, /eru/0/ers_etl/2/exisel_exsxa, /0, /eru/0/ers_etl/3/exicon_pe, /0, /eru/0/ers_etl/3/exicon_ocs, /0, /eru/0/ers_etl/3/exisel_exsxb, /0, /eru/0/ers_etl/3/exisel_exsxa, /0, /eru/0/ogu/0/exocon_iss, /0, /eru/0/ogu/0/exocon_ipen0, /0, /eru/0/ogu/0/exocon_ipen1, /0, /eru/0/ogu/0/exocon_ipen2, /0, /eru/0/ogu/0/exocon_ipen3, /0, /eru/0/ogu/1/exocon_iss, /0, /eru/0/ogu/1/exocon_ipen0, /0, /eru/0/ogu/1/exocon_ipen1, /0, /eru/0/ogu/1/exocon_ipen2, /0, /eru/0/ogu/1/exocon_ipen3, /0, /eru/0/ogu/2/exocon_iss, /0, /eru/0/ogu/2/exocon_ipen0, /0, /eru/0/ogu/2/exocon_ipen1, /0, /eru/0/ogu/2/exocon_ipen2, /0, /eru/0/ogu/2/exocon_ipen3, /0, /eru/0/ogu/3/exocon_iss, /0, /eru/0/ogu/3/exocon_ipen0, /0, /eru/0/ogu/3/exocon_ipen1, /0, /eru/0/ogu/3/exocon_ipen2, /0, /eru/0/ogu/3/exocon_ipen3, /0, /scu/0/ccu/config/clkcr_rtcclksel, /0, /usic/0/channel/0/ccr_hpcen, /0, /usic/0/channel/0/dx1cr_dsel, /0, /usic/0/channel/0/dx0cr_dsel, /0, /usic/0/channel/0/dx5cr_dsel, /0, /usic/0/channel/0/dx3cr_dsel, /0, /usic/0/channel/0/dx4cr_dsel, /0, /usic/0/channel/0/dx2cr_dsel, /0, /usic/0/channel/0/rbctr_arbien, /0, /usic/0/channel/0/rbctr_arbinp, /0, /usic/0/channel/0/ccr_aien, /0, /usic/0/channel/0/inpr_ainp, /0, /usic/0/channel/0/ccr_brgien, /0, /usic/0/channel/0/inpr_pinp, /0, /usic/0/channel/0/ccr_dlien, /0, /usic/0/channel/0/rbctr_rberien, /0, /usic/0/channel/0/ccr_rsien, /0, /usic/0/channel/0/inpr_tbinp, /0, /usic/0/channel/0/rbctr_srbien, /0, /usic/0/channel/0/rbctr_srbinp, /0, /usic/0/channel/0/ccr_rien, /0, /usic/0/channel/0/inpr_rinp, /0, /usic/0/channel/0/tbctr_stbien, /0, /usic/0/channel/0/tbctr_stbinp, /0, /usic/0/channel/0/tbctr_tberien, /0, /usic/0/channel/0/tbctr_atbinp, /0, /usic/0/channel/0/ccr_tbien, /0, /usic/0/channel/0/ccr_tsien, /0, /usic/0/channel/0/inpr_tsinp, /0, /usic/0/channel/0/rbctr_dptr, /0, /usic/0/channel/0/rbctr_size, /0, /usic/0/channel/0/tbctr_dptr, /0, /usic/0/channel/0/tbctr_size, /0, /usic/0/channel/1/ccr_hpcen, /0, /usic/0/channel/1/dx1cr_dsel, /0, /usic/0/channel/1/dx0cr_dsel, /0, /usic/0/channel/1/dx5cr_dsel, /0, /usic/0/channel/1/dx3cr_dsel, /0, /usic/0/channel/1/dx4cr_dsel, /0, /usic/0/channel/1/dx2cr_dsel, /0, /usic/0/channel/1/rbctr_arbien, /0, /usic/0/channel/1/rbctr_arbinp, /0, /usic/0/channel/1/ccr_aien, /0, /usic/0/channel/1/inpr_ainp, /0, /usic/0/channel/1/ccr_brgien, /0, /usic/0/channel/1/inpr_pinp, /0, /usic/0/channel/1/ccr_dlien, /0, /usic/0/channel/1/rbctr_rberien, /0, /usic/0/channel/1/ccr_rsien, /0, /usic/0/channel/1/inpr_tbinp, /0, /usic/0/channel/1/rbctr_srbien, /0, /usic/0/channel/1/rbctr_srbinp, /0, /usic/0/channel/1/ccr_rien, /0, /usic/0/channel/1/inpr_rinp, /0, /usic/0/channel/1/tbctr_stbien, /0, /usic/0/channel/1/tbctr_stbinp, /0, /usic/0/channel/1/tbctr_tberien, /0, /usic/0/channel/1/tbctr_atbinp, /0, /usic/0/channel/1/ccr_tbien, /0, /usic/0/channel/1/ccr_tsien, /0, /usic/0/channel/1/inpr_tsinp, /0, /usic/0/channel/1/rbctr_dptr, /0, /usic/0/channel/1/rbctr_size, /0, /usic/0/channel/1/tbctr_dptr, /0, /usic/0/channel/1/tbctr_size, /0, /vadc/0/backgnd/brsctrl_xtsel, /0, /vadc/0/backgnd/brsctrl_xtwc, /0, /vadc/0/backgnd/brsctrl_gtsel, /0, /vadc/0/backgnd/brsctrl_gtwc, /0, /vadc/0/backgnd/globevnp_sev0np, /0, /vadc/0/global/emuxsel_emuxgrp0, /0, /vadc/0/global/emuxsel_emuxgrp1, /0, /vadc/0/global_result/globevnp_revnp, /0]


Aug 05, 2017 5:43:32 PM java.util.logging.LogManager$RootLogger log
INFO: Start of solver :getSolution() : Sat Aug 05 17:43:32 CDT 2017


Aug 05, 2017 5:43:32 PM java.util.logging.LogManager$RootLogger log
INFO: 
timeout(solve_mapping_problem([ 
reserved([p,DIGITAL_IO0sv0,pad,_],'digital_io$01310748862$0'),
reserved([devicepackage,0,_],'digital_io$1882167628$0'),
uri([devicepackage,0,7],'digital_io$1882167628$0'),
signal('digital_io$01310748862$0',swreg_out,'digital_io$01310748862$0$swreg_out'),
signal('digital_io$01310748862$0',pad,'digital_io$01310748862$0$pad'),
signal('digital_io$1882167628$0',pin,'digital_io$1882167628$0$pin'),
connected('digital_io$1882167628$0$pin','digital_io$01310748862$0$pad',1),
connected('digital_io$01310748862$0$pad','digital_io$1882167628$0$pin',1),
uri_element_range(DIGITAL_IO0sv0,[0, 1, 2, 3, 4]),
register_value('digital_io$01310748862$0',iocr_oe,1)
 ],Vars,Regs,Appslocalvars),15,writeln(timeout),all_solution, Timer, Due, Remainder).



Aug 05, 2017 5:43:32 PM java.util.logging.LogManager$RootLogger log
INFO: 
End of solver : getSolution() :  Difference in ms 20


Aug 05, 2017 5:43:32 PM java.util.logging.LogManager$RootLogger log
INFO: [/p/0/pad/0, /digital_io$01310748862$0, /devicepackage/0/7, /digital_io$1882167628$0]


Aug 05, 2017 5:43:32 PM java.util.logging.LogManager$RootLogger log
INFO: [/p/2/pad/6/iocr_pcr, /0, /p/2/pad/6/iocr_oe, /0, /p/2/pad/6/pdisc_pdis, /1, /p/2/pad/7/iocr_pcr, /0, /p/2/pad/7/iocr_oe, /0, /p/2/pad/7/pdisc_pdis, /1, /p/2/pad/8/iocr_pcr, /0, /p/2/pad/8/iocr_oe, /0, /p/2/pad/8/pdisc_pdis, /1, /p/2/pad/9/iocr_pcr, /0, /p/2/pad/9/iocr_oe, /0, /p/2/pad/9/pdisc_pdis, /1, /p/0/pad/0/iocr_pcr, /0, /p/0/pad/0/iocr_oe, /1, /p/0/pad/0/hwsel_hw, /0, /p/0/pad/14/iocr_pcr, /0, /p/0/pad/14/iocr_oe, /0, /p/0/pad/14/hwsel_hw, /0, /p/0/pad/15/iocr_pcr, /0, /p/0/pad/15/iocr_oe, /0, /p/0/pad/15/hwsel_hw, /0, /p/0/pad/5/iocr_pcr, /0, /p/0/pad/5/iocr_oe, /0, /p/0/pad/5/hwsel_hw, /0, /p/0/pad/6/iocr_pcr, /0, /p/0/pad/6/iocr_oe, /0, /p/0/pad/6/hwsel_hw, /0, /p/0/pad/7/iocr_pcr, /0, /p/0/pad/7/iocr_oe, /0, /p/0/pad/7/hwsel_hw, /0, /p/0/pad/8/iocr_pcr, /0, /p/0/pad/8/iocr_oe, /0, /p/0/pad/8/hwsel_hw, /0, /p/0/pad/9/iocr_pcr, /0, /p/0/pad/9/iocr_oe, /0, /p/0/pad/9/hwsel_hw, /0, /p/2/pad/0/iocr_pcr, /0, /p/2/pad/0/iocr_oe, /0, /p/2/pad/0/hwsel_hw, /0, /p/2/pad/0/pdisc_pdis, /1, /p/2/pad/10/iocr_pcr, /0, /p/2/pad/10/iocr_oe, /0, /p/2/pad/10/hwsel_hw, /0, /p/2/pad/10/pdisc_pdis, /1, /p/2/pad/11/iocr_pcr, /0, /p/2/pad/11/iocr_oe, /0, /p/2/pad/11/hwsel_hw, /0, /p/2/pad/11/pdisc_pdis, /1, /ccu4/0/cc4/0/srs_cmsr, /0, /ccu4/0/cc4/0/srs_e0sr, /0, /ccu4/0/cc4/0/srs_e1sr, /0, /ccu4/0/cc4/0/srs_e2sr, /0, /ccu4/0/cc4/0/ins_ev0is, /0, /ccu4/0/cc4/0/ins_ev1is, /0, /ccu4/0/cc4/0/ins_ev2is, /0, /ccu4/0/cc4/0/srs_posr, /0, /ccu4/0/cc4/1/srs_cmsr, /0, /ccu4/0/cc4/1/srs_e0sr, /0, /ccu4/0/cc4/1/srs_e1sr, /0, /ccu4/0/cc4/1/srs_e2sr, /0, /ccu4/0/cc4/1/ins_ev0is, /0, /ccu4/0/cc4/1/ins_ev1is, /0, /ccu4/0/cc4/1/ins_ev2is, /0, /ccu4/0/cc4/1/srs_posr, /0, /ccu4/0/cc4/1/cmc_tce, /0, /ccu4/0/cc4/2/srs_cmsr, /0, /ccu4/0/cc4/2/srs_e0sr, /0, /ccu4/0/cc4/2/srs_e1sr, /0, /ccu4/0/cc4/2/srs_e2sr, /0, /ccu4/0/cc4/2/ins_ev0is, /0, /ccu4/0/cc4/2/ins_ev1is, /0, /ccu4/0/cc4/2/ins_ev2is, /0, /ccu4/0/cc4/2/srs_posr, /0, /ccu4/0/cc4/2/cmc_tce, /0, /ccu4/0/cc4/3/srs_cmsr, /0, /ccu4/0/cc4/3/srs_e0sr, /0, /ccu4/0/cc4/3/srs_e1sr, /0, /ccu4/0/cc4/3/srs_e2sr, /0, /ccu4/0/cc4/3/ins_ev0is, /0, /ccu4/0/cc4/3/ins_ev1is, /0, /ccu4/0/cc4/3/ins_ev2is, /0, /ccu4/0/cc4/3/srs_posr, /0, /ccu4/0/cc4/3/cmc_tce, /0, /ccu4/0/global/gctrl_pcis, /0, /cpu/0/nvic/interrupt/0/iser_setena, /0, /cpu/0/nvic/interrupt/1/iser_setena, /0, /cpu/0/nvic/interrupt/10/iser_setena, /0, /cpu/0/nvic/interrupt/11/iser_setena, /0, /cpu/0/nvic/interrupt/12/iser_setena, /0, /cpu/0/nvic/interrupt/13/iser_setena, /0, /cpu/0/nvic/interrupt/14/iser_setena, /0, /cpu/0/nvic/interrupt/15/iser_setena, /0, /cpu/0/nvic/interrupt/16/iser_setena, /0, /cpu/0/nvic/interrupt/17/iser_setena, /0, /cpu/0/nvic/interrupt/18/iser_setena, /0, /cpu/0/nvic/interrupt/19/iser_setena, /0, /cpu/0/nvic/interrupt/2/iser_setena, /0, /cpu/0/nvic/interrupt/20/iser_setena, /0, /cpu/0/nvic/interrupt/21/iser_setena, /0, /cpu/0/nvic/interrupt/22/iser_setena, /0, /cpu/0/nvic/interrupt/23/iser_setena, /0, /cpu/0/nvic/interrupt/24/iser_setena, /0, /cpu/0/nvic/interrupt/25/iser_setena, /0, /cpu/0/nvic/interrupt/26/iser_setena, /0, /cpu/0/nvic/interrupt/27/iser_setena, /0, /cpu/0/nvic/interrupt/28/iser_setena, /0, /cpu/0/nvic/interrupt/29/iser_setena, /0, /cpu/0/nvic/interrupt/3/iser_setena, /0, /cpu/0/nvic/interrupt/30/iser_setena, /0, /cpu/0/nvic/interrupt/31/iser_setena, /0, /cpu/0/nvic/interrupt/4/iser_setena, /0, /cpu/0/nvic/interrupt/5/iser_setena, /0, /cpu/0/nvic/interrupt/6/iser_setena, /0, /cpu/0/nvic/interrupt/7/iser_setena, /0, /cpu/0/nvic/interrupt/9/iser_setena, /0, /eru/0/ers_etl/0/exicon_pe, /0, /eru/0/ers_etl/0/exicon_ocs, /0, /eru/0/ers_etl/0/exisel_exsxb, /0, /eru/0/ers_etl/0/exisel_exsxa, /0, /eru/0/ers_etl/1/exicon_pe, /0, /eru/0/ers_etl/1/exicon_ocs, /0, /eru/0/ers_etl/1/exisel_exsxb, /0, /eru/0/ers_etl/1/exisel_exsxa, /0, /eru/0/ers_etl/2/exicon_pe, /0, /eru/0/ers_etl/2/exicon_ocs, /0, /eru/0/ers_etl/2/exisel_exsxb, /0, /eru/0/ers_etl/2/exisel_exsxa, /0, /eru/0/ers_etl/3/exicon_pe, /0, /eru/0/ers_etl/3/exicon_ocs, /0, /eru/0/ers_etl/3/exisel_exsxb, /0, /eru/0/ers_etl/3/exisel_exsxa, /0, /eru/0/ogu/0/exocon_iss, /0, /eru/0/ogu/0/exocon_ipen0, /0, /eru/0/ogu/0/exocon_ipen1, /0, /eru/0/ogu/0/exocon_ipen2, /0, /eru/0/ogu/0/exocon_ipen3, /0, /eru/0/ogu/1/exocon_iss, /0, /eru/0/ogu/1/exocon_ipen0, /0, /eru/0/ogu/1/exocon_ipen1, /0, /eru/0/ogu/1/exocon_ipen2, /0, /eru/0/ogu/1/exocon_ipen3, /0, /eru/0/ogu/2/exocon_iss, /0, /eru/0/ogu/2/exocon_ipen0, /0, /eru/0/ogu/2/exocon_ipen1, /0, /eru/0/ogu/2/exocon_ipen2, /0, /eru/0/ogu/2/exocon_ipen3, /0, /eru/0/ogu/3/exocon_iss, /0, /eru/0/ogu/3/exocon_ipen0, /0, /eru/0/ogu/3/exocon_ipen1, /0, /eru/0/ogu/3/exocon_ipen2, /0, /eru/0/ogu/3/exocon_ipen3, /0, /scu/0/ccu/config/clkcr_rtcclksel, /0, /usic/0/channel/0/ccr_hpcen, /0, /usic/0/channel/0/dx1cr_dsel, /0, /usic/0/channel/0/dx0cr_dsel, /0, /usic/0/channel/0/dx5cr_dsel, /0, /usic/0/channel/0/dx3cr_dsel, /0, /usic/0/channel/0/dx4cr_dsel, /0, /usic/0/channel/0/dx2cr_dsel, /0, /usic/0/channel/0/rbctr_arbien, /0, /usic/0/channel/0/rbctr_arbinp, /0, /usic/0/channel/0/ccr_aien, /0, /usic/0/channel/0/inpr_ainp, /0, /usic/0/channel/0/ccr_brgien, /0, /usic/0/channel/0/inpr_pinp, /0, /usic/0/channel/0/ccr_dlien, /0, /usic/0/channel/0/rbctr_rberien, /0, /usic/0/channel/0/ccr_rsien, /0, /usic/0/channel/0/inpr_tbinp, /0, /usic/0/channel/0/rbctr_srbien, /0, /usic/0/channel/0/rbctr_srbinp, /0, /usic/0/channel/0/ccr_rien, /0, /usic/0/channel/0/inpr_rinp, /0, /usic/0/channel/0/tbctr_stbien, /0, /usic/0/channel/0/tbctr_stbinp, /0, /usic/0/channel/0/tbctr_tberien, /0, /usic/0/channel/0/tbctr_atbinp, /0, /usic/0/channel/0/ccr_tbien, /0, /usic/0/channel/0/ccr_tsien, /0, /usic/0/channel/0/inpr_tsinp, /0, /usic/0/channel/0/rbctr_dptr, /0, /usic/0/channel/0/rbctr_size, /0, /usic/0/channel/0/tbctr_dptr, /0, /usic/0/channel/0/tbctr_size, /0, /usic/0/channel/1/ccr_hpcen, /0, /usic/0/channel/1/dx1cr_dsel, /0, /usic/0/channel/1/dx0cr_dsel, /0, /usic/0/channel/1/dx5cr_dsel, /0, /usic/0/channel/1/dx3cr_dsel, /0, /usic/0/channel/1/dx4cr_dsel, /0, /usic/0/channel/1/dx2cr_dsel, /0, /usic/0/channel/1/rbctr_arbien, /0, /usic/0/channel/1/rbctr_arbinp, /0, /usic/0/channel/1/ccr_aien, /0, /usic/0/channel/1/inpr_ainp, /0, /usic/0/channel/1/ccr_brgien, /0, /usic/0/channel/1/inpr_pinp, /0, /usic/0/channel/1/ccr_dlien, /0, /usic/0/channel/1/rbctr_rberien, /0, /usic/0/channel/1/ccr_rsien, /0, /usic/0/channel/1/inpr_tbinp, /0, /usic/0/channel/1/rbctr_srbien, /0, /usic/0/channel/1/rbctr_srbinp, /0, /usic/0/channel/1/ccr_rien, /0, /usic/0/channel/1/inpr_rinp, /0, /usic/0/channel/1/tbctr_stbien, /0, /usic/0/channel/1/tbctr_stbinp, /0, /usic/0/channel/1/tbctr_tberien, /0, /usic/0/channel/1/tbctr_atbinp, /0, /usic/0/channel/1/ccr_tbien, /0, /usic/0/channel/1/ccr_tsien, /0, /usic/0/channel/1/inpr_tsinp, /0, /usic/0/channel/1/rbctr_dptr, /0, /usic/0/channel/1/rbctr_size, /0, /usic/0/channel/1/tbctr_dptr, /0, /usic/0/channel/1/tbctr_size, /0, /vadc/0/backgnd/brsctrl_xtsel, /0, /vadc/0/backgnd/brsctrl_xtwc, /0, /vadc/0/backgnd/brsctrl_gtsel, /0, /vadc/0/backgnd/brsctrl_gtwc, /0, /vadc/0/backgnd/globevnp_sev0np, /0, /vadc/0/global/emuxsel_emuxgrp0, /0, /vadc/0/global/emuxsel_emuxgrp1, /0, /vadc/0/global_result/globevnp_revnp, /0]


Aug 05, 2017 5:52:15 PM java.util.logging.LogManager$RootLogger log
INFO: Start of solver :getSolution() : Sat Aug 05 17:52:15 CDT 2017


Aug 05, 2017 5:52:15 PM java.util.logging.LogManager$RootLogger log
INFO: 
timeout(solve_mapping_problem([ 
reserved([p,DIGITAL_IO0sv0,pad,_],'digital_io$01310748862$0'),
reserved([devicepackage,0,_],'digital_io$1882167628$0'),
uri([devicepackage,0,7],'digital_io$1882167628$0'),
reserved([scu,0,dco,_],'clock_xmc1$1911737770$0'),
reserved([scu,0,ccu,config],'clock_xmc1$01005053461$0'),
signal('digital_io$01310748862$0',swreg_out,'digital_io$01310748862$0$swreg_out'),
signal('digital_io$01310748862$0',pad,'digital_io$01310748862$0$pad'),
signal('digital_io$1882167628$0',pin,'digital_io$1882167628$0$pin'),
signal('clock_xmc1$1911737770$0',clkout,'clock_xmc1$1911737770$0$clkout'),
signal('clock_xmc1$01005053461$0',frtc,'clock_xmc1$01005053461$0$frtc'),
connected('digital_io$1882167628$0$pin','digital_io$01310748862$0$pad',1),
connected('digital_io$01310748862$0$pad','digital_io$1882167628$0$pin',1),
connected('clock_xmc1$1911737770$0$clkout','clock_xmc1$01005053461$0$frtc',1),
uri_element_range(DIGITAL_IO0sv0,[0, 1, 2, 3, 4]),
register_value('digital_io$01310748862$0',iocr_oe,1)
 ],Vars,Regs,Appslocalvars),15,writeln(timeout),all_solution, Timer, Due, Remainder).



Aug 05, 2017 5:52:15 PM java.util.logging.LogManager$RootLogger log
INFO: 
End of solver : getSolution() :  Difference in ms 49


Aug 05, 2017 5:52:15 PM java.util.logging.LogManager$RootLogger log
INFO: [/scu/0/ccu/config, /clock_xmc1$01005053461$0, /scu/0/dco/2, /clock_xmc1$1911737770$0, /p/0/pad/0, /digital_io$01310748862$0, /devicepackage/0/7, /digital_io$1882167628$0]


Aug 05, 2017 5:52:15 PM java.util.logging.LogManager$RootLogger log
INFO: [/p/2/pad/6/iocr_pcr, /0, /p/2/pad/6/iocr_oe, /0, /p/2/pad/6/pdisc_pdis, /1, /p/2/pad/7/iocr_pcr, /0, /p/2/pad/7/iocr_oe, /0, /p/2/pad/7/pdisc_pdis, /1, /p/2/pad/8/iocr_pcr, /0, /p/2/pad/8/iocr_oe, /0, /p/2/pad/8/pdisc_pdis, /1, /p/2/pad/9/iocr_pcr, /0, /p/2/pad/9/iocr_oe, /0, /p/2/pad/9/pdisc_pdis, /1, /p/0/pad/0/iocr_pcr, /0, /p/0/pad/0/iocr_oe, /1, /p/0/pad/0/hwsel_hw, /0, /p/0/pad/14/iocr_pcr, /0, /p/0/pad/14/iocr_oe, /0, /p/0/pad/14/hwsel_hw, /0, /p/0/pad/15/iocr_pcr, /0, /p/0/pad/15/iocr_oe, /0, /p/0/pad/15/hwsel_hw, /0, /p/0/pad/5/iocr_pcr, /0, /p/0/pad/5/iocr_oe, /0, /p/0/pad/5/hwsel_hw, /0, /p/0/pad/6/iocr_pcr, /0, /p/0/pad/6/iocr_oe, /0, /p/0/pad/6/hwsel_hw, /0, /p/0/pad/7/iocr_pcr, /0, /p/0/pad/7/iocr_oe, /0, /p/0/pad/7/hwsel_hw, /0, /p/0/pad/8/iocr_pcr, /0, /p/0/pad/8/iocr_oe, /0, /p/0/pad/8/hwsel_hw, /0, /p/0/pad/9/iocr_pcr, /0, /p/0/pad/9/iocr_oe, /0, /p/0/pad/9/hwsel_hw, /0, /p/2/pad/0/iocr_pcr, /0, /p/2/pad/0/iocr_oe, /0, /p/2/pad/0/hwsel_hw, /0, /p/2/pad/0/pdisc_pdis, /1, /p/2/pad/10/iocr_pcr, /0, /p/2/pad/10/iocr_oe, /0, /p/2/pad/10/hwsel_hw, /0, /p/2/pad/10/pdisc_pdis, /1, /p/2/pad/11/iocr_pcr, /0, /p/2/pad/11/iocr_oe, /0, /p/2/pad/11/hwsel_hw, /0, /p/2/pad/11/pdisc_pdis, /1, /ccu4/0/cc4/0/srs_cmsr, /0, /ccu4/0/cc4/0/srs_e0sr, /0, /ccu4/0/cc4/0/srs_e1sr, /0, /ccu4/0/cc4/0/srs_e2sr, /0, /ccu4/0/cc4/0/ins_ev0is, /0, /ccu4/0/cc4/0/ins_ev1is, /0, /ccu4/0/cc4/0/ins_ev2is, /0, /ccu4/0/cc4/0/srs_posr, /0, /ccu4/0/cc4/1/srs_cmsr, /0, /ccu4/0/cc4/1/srs_e0sr, /0, /ccu4/0/cc4/1/srs_e1sr, /0, /ccu4/0/cc4/1/srs_e2sr, /0, /ccu4/0/cc4/1/ins_ev0is, /0, /ccu4/0/cc4/1/ins_ev1is, /0, /ccu4/0/cc4/1/ins_ev2is, /0, /ccu4/0/cc4/1/srs_posr, /0, /ccu4/0/cc4/1/cmc_tce, /0, /ccu4/0/cc4/2/srs_cmsr, /0, /ccu4/0/cc4/2/srs_e0sr, /0, /ccu4/0/cc4/2/srs_e1sr, /0, /ccu4/0/cc4/2/srs_e2sr, /0, /ccu4/0/cc4/2/ins_ev0is, /0, /ccu4/0/cc4/2/ins_ev1is, /0, /ccu4/0/cc4/2/ins_ev2is, /0, /ccu4/0/cc4/2/srs_posr, /0, /ccu4/0/cc4/2/cmc_tce, /0, /ccu4/0/cc4/3/srs_cmsr, /0, /ccu4/0/cc4/3/srs_e0sr, /0, /ccu4/0/cc4/3/srs_e1sr, /0, /ccu4/0/cc4/3/srs_e2sr, /0, /ccu4/0/cc4/3/ins_ev0is, /0, /ccu4/0/cc4/3/ins_ev1is, /0, /ccu4/0/cc4/3/ins_ev2is, /0, /ccu4/0/cc4/3/srs_posr, /0, /ccu4/0/cc4/3/cmc_tce, /0, /ccu4/0/global/gctrl_pcis, /0, /cpu/0/nvic/interrupt/0/iser_setena, /0, /cpu/0/nvic/interrupt/1/iser_setena, /0, /cpu/0/nvic/interrupt/10/iser_setena, /0, /cpu/0/nvic/interrupt/11/iser_setena, /0, /cpu/0/nvic/interrupt/12/iser_setena, /0, /cpu/0/nvic/interrupt/13/iser_setena, /0, /cpu/0/nvic/interrupt/14/iser_setena, /0, /cpu/0/nvic/interrupt/15/iser_setena, /0, /cpu/0/nvic/interrupt/16/iser_setena, /0, /cpu/0/nvic/interrupt/17/iser_setena, /0, /cpu/0/nvic/interrupt/18/iser_setena, /0, /cpu/0/nvic/interrupt/19/iser_setena, /0, /cpu/0/nvic/interrupt/2/iser_setena, /0, /cpu/0/nvic/interrupt/20/iser_setena, /0, /cpu/0/nvic/interrupt/21/iser_setena, /0, /cpu/0/nvic/interrupt/22/iser_setena, /0, /cpu/0/nvic/interrupt/23/iser_setena, /0, /cpu/0/nvic/interrupt/24/iser_setena, /0, /cpu/0/nvic/interrupt/25/iser_setena, /0, /cpu/0/nvic/interrupt/26/iser_setena, /0, /cpu/0/nvic/interrupt/27/iser_setena, /0, /cpu/0/nvic/interrupt/28/iser_setena, /0, /cpu/0/nvic/interrupt/29/iser_setena, /0, /cpu/0/nvic/interrupt/3/iser_setena, /0, /cpu/0/nvic/interrupt/30/iser_setena, /0, /cpu/0/nvic/interrupt/31/iser_setena, /0, /cpu/0/nvic/interrupt/4/iser_setena, /0, /cpu/0/nvic/interrupt/5/iser_setena, /0, /cpu/0/nvic/interrupt/6/iser_setena, /0, /cpu/0/nvic/interrupt/7/iser_setena, /0, /cpu/0/nvic/interrupt/9/iser_setena, /0, /eru/0/ers_etl/0/exicon_pe, /0, /eru/0/ers_etl/0/exicon_ocs, /0, /eru/0/ers_etl/0/exisel_exsxb, /0, /eru/0/ers_etl/0/exisel_exsxa, /0, /eru/0/ers_etl/1/exicon_pe, /0, /eru/0/ers_etl/1/exicon_ocs, /0, /eru/0/ers_etl/1/exisel_exsxb, /0, /eru/0/ers_etl/1/exisel_exsxa, /0, /eru/0/ers_etl/2/exicon_pe, /0, /eru/0/ers_etl/2/exicon_ocs, /0, /eru/0/ers_etl/2/exisel_exsxb, /0, /eru/0/ers_etl/2/exisel_exsxa, /0, /eru/0/ers_etl/3/exicon_pe, /0, /eru/0/ers_etl/3/exicon_ocs, /0, /eru/0/ers_etl/3/exisel_exsxb, /0, /eru/0/ers_etl/3/exisel_exsxa, /0, /eru/0/ogu/0/exocon_iss, /0, /eru/0/ogu/0/exocon_ipen0, /0, /eru/0/ogu/0/exocon_ipen1, /0, /eru/0/ogu/0/exocon_ipen2, /0, /eru/0/ogu/0/exocon_ipen3, /0, /eru/0/ogu/1/exocon_iss, /0, /eru/0/ogu/1/exocon_ipen0, /0, /eru/0/ogu/1/exocon_ipen1, /0, /eru/0/ogu/1/exocon_ipen2, /0, /eru/0/ogu/1/exocon_ipen3, /0, /eru/0/ogu/2/exocon_iss, /0, /eru/0/ogu/2/exocon_ipen0, /0, /eru/0/ogu/2/exocon_ipen1, /0, /eru/0/ogu/2/exocon_ipen2, /0, /eru/0/ogu/2/exocon_ipen3, /0, /eru/0/ogu/3/exocon_iss, /0, /eru/0/ogu/3/exocon_ipen0, /0, /eru/0/ogu/3/exocon_ipen1, /0, /eru/0/ogu/3/exocon_ipen2, /0, /eru/0/ogu/3/exocon_ipen3, /0, /scu/0/ccu/config/clkcr_rtcclksel, /0, /usic/0/channel/0/ccr_hpcen, /0, /usic/0/channel/0/dx1cr_dsel, /0, /usic/0/channel/0/dx0cr_dsel, /0, /usic/0/channel/0/dx5cr_dsel, /0, /usic/0/channel/0/dx3cr_dsel, /0, /usic/0/channel/0/dx4cr_dsel, /0, /usic/0/channel/0/dx2cr_dsel, /0, /usic/0/channel/0/rbctr_arbien, /0, /usic/0/channel/0/rbctr_arbinp, /0, /usic/0/channel/0/ccr_aien, /0, /usic/0/channel/0/inpr_ainp, /0, /usic/0/channel/0/ccr_brgien, /0, /usic/0/channel/0/inpr_pinp, /0, /usic/0/channel/0/ccr_dlien, /0, /usic/0/channel/0/rbctr_rberien, /0, /usic/0/channel/0/ccr_rsien, /0, /usic/0/channel/0/inpr_tbinp, /0, /usic/0/channel/0/rbctr_srbien, /0, /usic/0/channel/0/rbctr_srbinp, /0, /usic/0/channel/0/ccr_rien, /0, /usic/0/channel/0/inpr_rinp, /0, /usic/0/channel/0/tbctr_stbien, /0, /usic/0/channel/0/tbctr_stbinp, /0, /usic/0/channel/0/tbctr_tberien, /0, /usic/0/channel/0/tbctr_atbinp, /0, /usic/0/channel/0/ccr_tbien, /0, /usic/0/channel/0/ccr_tsien, /0, /usic/0/channel/0/inpr_tsinp, /0, /usic/0/channel/0/rbctr_dptr, /0, /usic/0/channel/0/rbctr_size, /0, /usic/0/channel/0/tbctr_dptr, /0, /usic/0/channel/0/tbctr_size, /0, /usic/0/channel/1/ccr_hpcen, /0, /usic/0/channel/1/dx1cr_dsel, /0, /usic/0/channel/1/dx0cr_dsel, /0, /usic/0/channel/1/dx5cr_dsel, /0, /usic/0/channel/1/dx3cr_dsel, /0, /usic/0/channel/1/dx4cr_dsel, /0, /usic/0/channel/1/dx2cr_dsel, /0, /usic/0/channel/1/rbctr_arbien, /0, /usic/0/channel/1/rbctr_arbinp, /0, /usic/0/channel/1/ccr_aien, /0, /usic/0/channel/1/inpr_ainp, /0, /usic/0/channel/1/ccr_brgien, /0, /usic/0/channel/1/inpr_pinp, /0, /usic/0/channel/1/ccr_dlien, /0, /usic/0/channel/1/rbctr_rberien, /0, /usic/0/channel/1/ccr_rsien, /0, /usic/0/channel/1/inpr_tbinp, /0, /usic/0/channel/1/rbctr_srbien, /0, /usic/0/channel/1/rbctr_srbinp, /0, /usic/0/channel/1/ccr_rien, /0, /usic/0/channel/1/inpr_rinp, /0, /usic/0/channel/1/tbctr_stbien, /0, /usic/0/channel/1/tbctr_stbinp, /0, /usic/0/channel/1/tbctr_tberien, /0, /usic/0/channel/1/tbctr_atbinp, /0, /usic/0/channel/1/ccr_tbien, /0, /usic/0/channel/1/ccr_tsien, /0, /usic/0/channel/1/inpr_tsinp, /0, /usic/0/channel/1/rbctr_dptr, /0, /usic/0/channel/1/rbctr_size, /0, /usic/0/channel/1/tbctr_dptr, /0, /usic/0/channel/1/tbctr_size, /0, /vadc/0/backgnd/brsctrl_xtsel, /0, /vadc/0/backgnd/brsctrl_xtwc, /0, /vadc/0/backgnd/brsctrl_gtsel, /0, /vadc/0/backgnd/brsctrl_gtwc, /0, /vadc/0/backgnd/globevnp_sev0np, /0, /vadc/0/global/emuxsel_emuxgrp0, /0, /vadc/0/global/emuxsel_emuxgrp1, /0, /vadc/0/global_result/globevnp_revnp, /0]


Aug 05, 2017 5:53:32 PM java.util.logging.LogManager$RootLogger log
INFO: Start of solver :getSolution() : Sat Aug 05 17:53:32 CDT 2017


Aug 05, 2017 5:53:32 PM java.util.logging.LogManager$RootLogger log
INFO: 
timeout(solve_mapping_problem([ 
reserved([p,DIGITAL_IO0sv0,pad,_],'digital_io$01310748862$0'),
reserved([devicepackage,0,_],'digital_io$1882167628$0'),
uri([devicepackage,0,7],'digital_io$1882167628$0'),
reserved([scu,0,dco,_],'clock_xmc1$1911737770$0'),
reserved([scu,0,ccu,config],'clock_xmc1$01005053461$0'),
reserved([p,0,pad,14],'cpu_ctrl_xmc1$355878294$0'),
reserved([p,0,pad,15],'cpu_ctrl_xmc1$355878295$0'),
reserved([cpu,0,exception,hardfault],'cpu_ctrl_xmc1$846901778$0'),
signal('digital_io$01310748862$0',swreg_out,'digital_io$01310748862$0$swreg_out'),
signal('digital_io$01310748862$0',pad,'digital_io$01310748862$0$pad'),
signal('digital_io$1882167628$0',pin,'digital_io$1882167628$0$pin'),
signal('clock_xmc1$1911737770$0',clkout,'clock_xmc1$1911737770$0$clkout'),
signal('clock_xmc1$01005053461$0',frtc,'clock_xmc1$01005053461$0$frtc'),
connected('digital_io$1882167628$0$pin','digital_io$01310748862$0$pad',1),
connected('digital_io$01310748862$0$pad','digital_io$1882167628$0$pin',1),
connected('clock_xmc1$1911737770$0$clkout','clock_xmc1$01005053461$0$frtc',1),
uri_element_range(DIGITAL_IO0sv0,[0, 1, 2, 3, 4]),
register_value('digital_io$01310748862$0',iocr_oe,1)
 ],Vars,Regs,Appslocalvars),15,writeln(timeout),all_solution, Timer, Due, Remainder).



Aug 05, 2017 5:53:32 PM java.util.logging.LogManager$RootLogger log
INFO: 
End of solver : getSolution() :  Difference in ms 18


Aug 05, 2017 5:53:32 PM java.util.logging.LogManager$RootLogger log
INFO: [/scu/0/ccu/config, /clock_xmc1$01005053461$0, /scu/0/dco/2, /clock_xmc1$1911737770$0, /p/0/pad/14, /cpu_ctrl_xmc1$355878294$0, /p/0/pad/15, /cpu_ctrl_xmc1$355878295$0, /cpu/0/exception/hardfault, /cpu_ctrl_xmc1$846901778$0, /p/0/pad/0, /digital_io$01310748862$0, /devicepackage/0/7, /digital_io$1882167628$0]


Aug 05, 2017 5:53:32 PM java.util.logging.LogManager$RootLogger log
INFO: [/p/2/pad/6/iocr_pcr, /0, /p/2/pad/6/iocr_oe, /0, /p/2/pad/6/pdisc_pdis, /1, /p/2/pad/7/iocr_pcr, /0, /p/2/pad/7/iocr_oe, /0, /p/2/pad/7/pdisc_pdis, /1, /p/2/pad/8/iocr_pcr, /0, /p/2/pad/8/iocr_oe, /0, /p/2/pad/8/pdisc_pdis, /1, /p/2/pad/9/iocr_pcr, /0, /p/2/pad/9/iocr_oe, /0, /p/2/pad/9/pdisc_pdis, /1, /p/0/pad/0/iocr_pcr, /0, /p/0/pad/0/iocr_oe, /1, /p/0/pad/0/hwsel_hw, /0, /p/0/pad/14/iocr_pcr, /0, /p/0/pad/14/iocr_oe, /0, /p/0/pad/14/hwsel_hw, /0, /p/0/pad/15/iocr_pcr, /0, /p/0/pad/15/iocr_oe, /0, /p/0/pad/15/hwsel_hw, /0, /p/0/pad/5/iocr_pcr, /0, /p/0/pad/5/iocr_oe, /0, /p/0/pad/5/hwsel_hw, /0, /p/0/pad/6/iocr_pcr, /0, /p/0/pad/6/iocr_oe, /0, /p/0/pad/6/hwsel_hw, /0, /p/0/pad/7/iocr_pcr, /0, /p/0/pad/7/iocr_oe, /0, /p/0/pad/7/hwsel_hw, /0, /p/0/pad/8/iocr_pcr, /0, /p/0/pad/8/iocr_oe, /0, /p/0/pad/8/hwsel_hw, /0, /p/0/pad/9/iocr_pcr, /0, /p/0/pad/9/iocr_oe, /0, /p/0/pad/9/hwsel_hw, /0, /p/2/pad/0/iocr_pcr, /0, /p/2/pad/0/iocr_oe, /0, /p/2/pad/0/hwsel_hw, /0, /p/2/pad/0/pdisc_pdis, /1, /p/2/pad/10/iocr_pcr, /0, /p/2/pad/10/iocr_oe, /0, /p/2/pad/10/hwsel_hw, /0, /p/2/pad/10/pdisc_pdis, /1, /p/2/pad/11/iocr_pcr, /0, /p/2/pad/11/iocr_oe, /0, /p/2/pad/11/hwsel_hw, /0, /p/2/pad/11/pdisc_pdis, /1, /ccu4/0/cc4/0/srs_cmsr, /0, /ccu4/0/cc4/0/srs_e0sr, /0, /ccu4/0/cc4/0/srs_e1sr, /0, /ccu4/0/cc4/0/srs_e2sr, /0, /ccu4/0/cc4/0/ins_ev0is, /0, /ccu4/0/cc4/0/ins_ev1is, /0, /ccu4/0/cc4/0/ins_ev2is, /0, /ccu4/0/cc4/0/srs_posr, /0, /ccu4/0/cc4/1/srs_cmsr, /0, /ccu4/0/cc4/1/srs_e0sr, /0, /ccu4/0/cc4/1/srs_e1sr, /0, /ccu4/0/cc4/1/srs_e2sr, /0, /ccu4/0/cc4/1/ins_ev0is, /0, /ccu4/0/cc4/1/ins_ev1is, /0, /ccu4/0/cc4/1/ins_ev2is, /0, /ccu4/0/cc4/1/srs_posr, /0, /ccu4/0/cc4/1/cmc_tce, /0, /ccu4/0/cc4/2/srs_cmsr, /0, /ccu4/0/cc4/2/srs_e0sr, /0, /ccu4/0/cc4/2/srs_e1sr, /0, /ccu4/0/cc4/2/srs_e2sr, /0, /ccu4/0/cc4/2/ins_ev0is, /0, /ccu4/0/cc4/2/ins_ev1is, /0, /ccu4/0/cc4/2/ins_ev2is, /0, /ccu4/0/cc4/2/srs_posr, /0, /ccu4/0/cc4/2/cmc_tce, /0, /ccu4/0/cc4/3/srs_cmsr, /0, /ccu4/0/cc4/3/srs_e0sr, /0, /ccu4/0/cc4/3/srs_e1sr, /0, /ccu4/0/cc4/3/srs_e2sr, /0, /ccu4/0/cc4/3/ins_ev0is, /0, /ccu4/0/cc4/3/ins_ev1is, /0, /ccu4/0/cc4/3/ins_ev2is, /0, /ccu4/0/cc4/3/srs_posr, /0, /ccu4/0/cc4/3/cmc_tce, /0, /ccu4/0/global/gctrl_pcis, /0, /cpu/0/nvic/interrupt/0/iser_setena, /0, /cpu/0/nvic/interrupt/1/iser_setena, /0, /cpu/0/nvic/interrupt/10/iser_setena, /0, /cpu/0/nvic/interrupt/11/iser_setena, /0, /cpu/0/nvic/interrupt/12/iser_setena, /0, /cpu/0/nvic/interrupt/13/iser_setena, /0, /cpu/0/nvic/interrupt/14/iser_setena, /0, /cpu/0/nvic/interrupt/15/iser_setena, /0, /cpu/0/nvic/interrupt/16/iser_setena, /0, /cpu/0/nvic/interrupt/17/iser_setena, /0, /cpu/0/nvic/interrupt/18/iser_setena, /0, /cpu/0/nvic/interrupt/19/iser_setena, /0, /cpu/0/nvic/interrupt/2/iser_setena, /0, /cpu/0/nvic/interrupt/20/iser_setena, /0, /cpu/0/nvic/interrupt/21/iser_setena, /0, /cpu/0/nvic/interrupt/22/iser_setena, /0, /cpu/0/nvic/interrupt/23/iser_setena, /0, /cpu/0/nvic/interrupt/24/iser_setena, /0, /cpu/0/nvic/interrupt/25/iser_setena, /0, /cpu/0/nvic/interrupt/26/iser_setena, /0, /cpu/0/nvic/interrupt/27/iser_setena, /0, /cpu/0/nvic/interrupt/28/iser_setena, /0, /cpu/0/nvic/interrupt/29/iser_setena, /0, /cpu/0/nvic/interrupt/3/iser_setena, /0, /cpu/0/nvic/interrupt/30/iser_setena, /0, /cpu/0/nvic/interrupt/31/iser_setena, /0, /cpu/0/nvic/interrupt/4/iser_setena, /0, /cpu/0/nvic/interrupt/5/iser_setena, /0, /cpu/0/nvic/interrupt/6/iser_setena, /0, /cpu/0/nvic/interrupt/7/iser_setena, /0, /cpu/0/nvic/interrupt/9/iser_setena, /0, /eru/0/ers_etl/0/exicon_pe, /0, /eru/0/ers_etl/0/exicon_ocs, /0, /eru/0/ers_etl/0/exisel_exsxb, /0, /eru/0/ers_etl/0/exisel_exsxa, /0, /eru/0/ers_etl/1/exicon_pe, /0, /eru/0/ers_etl/1/exicon_ocs, /0, /eru/0/ers_etl/1/exisel_exsxb, /0, /eru/0/ers_etl/1/exisel_exsxa, /0, /eru/0/ers_etl/2/exicon_pe, /0, /eru/0/ers_etl/2/exicon_ocs, /0, /eru/0/ers_etl/2/exisel_exsxb, /0, /eru/0/ers_etl/2/exisel_exsxa, /0, /eru/0/ers_etl/3/exicon_pe, /0, /eru/0/ers_etl/3/exicon_ocs, /0, /eru/0/ers_etl/3/exisel_exsxb, /0, /eru/0/ers_etl/3/exisel_exsxa, /0, /eru/0/ogu/0/exocon_iss, /0, /eru/0/ogu/0/exocon_ipen0, /0, /eru/0/ogu/0/exocon_ipen1, /0, /eru/0/ogu/0/exocon_ipen2, /0, /eru/0/ogu/0/exocon_ipen3, /0, /eru/0/ogu/1/exocon_iss, /0, /eru/0/ogu/1/exocon_ipen0, /0, /eru/0/ogu/1/exocon_ipen1, /0, /eru/0/ogu/1/exocon_ipen2, /0, /eru/0/ogu/1/exocon_ipen3, /0, /eru/0/ogu/2/exocon_iss, /0, /eru/0/ogu/2/exocon_ipen0, /0, /eru/0/ogu/2/exocon_ipen1, /0, /eru/0/ogu/2/exocon_ipen2, /0, /eru/0/ogu/2/exocon_ipen3, /0, /eru/0/ogu/3/exocon_iss, /0, /eru/0/ogu/3/exocon_ipen0, /0, /eru/0/ogu/3/exocon_ipen1, /0, /eru/0/ogu/3/exocon_ipen2, /0, /eru/0/ogu/3/exocon_ipen3, /0, /scu/0/ccu/config/clkcr_rtcclksel, /0, /usic/0/channel/0/ccr_hpcen, /0, /usic/0/channel/0/dx1cr_dsel, /0, /usic/0/channel/0/dx0cr_dsel, /0, /usic/0/channel/0/dx5cr_dsel, /0, /usic/0/channel/0/dx3cr_dsel, /0, /usic/0/channel/0/dx4cr_dsel, /0, /usic/0/channel/0/dx2cr_dsel, /0, /usic/0/channel/0/rbctr_arbien, /0, /usic/0/channel/0/rbctr_arbinp, /0, /usic/0/channel/0/ccr_aien, /0, /usic/0/channel/0/inpr_ainp, /0, /usic/0/channel/0/ccr_brgien, /0, /usic/0/channel/0/inpr_pinp, /0, /usic/0/channel/0/ccr_dlien, /0, /usic/0/channel/0/rbctr_rberien, /0, /usic/0/channel/0/ccr_rsien, /0, /usic/0/channel/0/inpr_tbinp, /0, /usic/0/channel/0/rbctr_srbien, /0, /usic/0/channel/0/rbctr_srbinp, /0, /usic/0/channel/0/ccr_rien, /0, /usic/0/channel/0/inpr_rinp, /0, /usic/0/channel/0/tbctr_stbien, /0, /usic/0/channel/0/tbctr_stbinp, /0, /usic/0/channel/0/tbctr_tberien, /0, /usic/0/channel/0/tbctr_atbinp, /0, /usic/0/channel/0/ccr_tbien, /0, /usic/0/channel/0/ccr_tsien, /0, /usic/0/channel/0/inpr_tsinp, /0, /usic/0/channel/0/rbctr_dptr, /0, /usic/0/channel/0/rbctr_size, /0, /usic/0/channel/0/tbctr_dptr, /0, /usic/0/channel/0/tbctr_size, /0, /usic/0/channel/1/ccr_hpcen, /0, /usic/0/channel/1/dx1cr_dsel, /0, /usic/0/channel/1/dx0cr_dsel, /0, /usic/0/channel/1/dx5cr_dsel, /0, /usic/0/channel/1/dx3cr_dsel, /0, /usic/0/channel/1/dx4cr_dsel, /0, /usic/0/channel/1/dx2cr_dsel, /0, /usic/0/channel/1/rbctr_arbien, /0, /usic/0/channel/1/rbctr_arbinp, /0, /usic/0/channel/1/ccr_aien, /0, /usic/0/channel/1/inpr_ainp, /0, /usic/0/channel/1/ccr_brgien, /0, /usic/0/channel/1/inpr_pinp, /0, /usic/0/channel/1/ccr_dlien, /0, /usic/0/channel/1/rbctr_rberien, /0, /usic/0/channel/1/ccr_rsien, /0, /usic/0/channel/1/inpr_tbinp, /0, /usic/0/channel/1/rbctr_srbien, /0, /usic/0/channel/1/rbctr_srbinp, /0, /usic/0/channel/1/ccr_rien, /0, /usic/0/channel/1/inpr_rinp, /0, /usic/0/channel/1/tbctr_stbien, /0, /usic/0/channel/1/tbctr_stbinp, /0, /usic/0/channel/1/tbctr_tberien, /0, /usic/0/channel/1/tbctr_atbinp, /0, /usic/0/channel/1/ccr_tbien, /0, /usic/0/channel/1/ccr_tsien, /0, /usic/0/channel/1/inpr_tsinp, /0, /usic/0/channel/1/rbctr_dptr, /0, /usic/0/channel/1/rbctr_size, /0, /usic/0/channel/1/tbctr_dptr, /0, /usic/0/channel/1/tbctr_size, /0, /vadc/0/backgnd/brsctrl_xtsel, /0, /vadc/0/backgnd/brsctrl_xtwc, /0, /vadc/0/backgnd/brsctrl_gtsel, /0, /vadc/0/backgnd/brsctrl_gtwc, /0, /vadc/0/backgnd/globevnp_sev0np, /0, /vadc/0/global/emuxsel_emuxgrp0, /0, /vadc/0/global/emuxsel_emuxgrp1, /0, /vadc/0/global_result/globevnp_revnp, /0]


